The system is: Linux - 3.10.0-1062.18.1.el7.x86_64 - x86_64
Compiling the CXX compiler identification source file "CMakeCXXCompilerId.cpp" succeeded.
Compiler: /apps/compilers/intel/2018/1.163/compilers_and_libraries/linux/bin/intel64/icpc 
Build flags: 
Id flags:  

The output was:
0


Compilation of the CXX compiler identification source "CMakeCXXCompilerId.cpp" produced "a.out"

The CXX compiler identification is Intel, found in "/blue/cis4936/jacobroberge/share/Flocking_Cuda/build/CMakeFiles/3.19.1/CompilerIdCXX/a.out"

Checking whether the CUDA compiler is NVIDIA using "" matched "nvcc: NVIDIA \(R\) Cuda compiler driver":
nvcc: NVIDIA (R) Cuda compiler driver
Copyright (c) 2005-2018 NVIDIA Corporation
Built on Sat_Aug_25_21:08:01_CDT_2018
Cuda compilation tools, release 10.0, V10.0.130
Compiling the CUDA compiler identification source file "CMakeCUDACompilerId.cu" succeeded.
Compiler: /apps/compilers/cuda/10.0.130/bin/nvcc 
Build flags: 
Id flags: --keep;--keep-dir;tmp -v

The output was:
0
#$ _SPACE_= 
#$ _CUDART_=cudart
#$ _HERE_=/apps/compilers/cuda/10.0.130/bin
#$ _THERE_=/apps/compilers/cuda/10.0.130/bin
#$ _TARGET_SIZE_=
#$ _TARGET_DIR_=
#$ _TARGET_DIR_=targets/x86_64-linux
#$ TOP=/apps/compilers/cuda/10.0.130/bin/..
#$ NVVMIR_LIBRARY_DIR=/apps/compilers/cuda/10.0.130/bin/../nvvm/libdevice
#$ LD_LIBRARY_PATH=/apps/compilers/cuda/10.0.130/bin/../lib:/apps/compilers/gcc/5.2.0/lib64:/apps/compilers/intel/2018/1.163/compilers_and_libraries/linux/lib/intel64:/apps/compilers/intel/2018/1.163/mkl/lib/intel64:/apps/compilers/intel/2018/1.163/ipp/lib/intel64:/apps/compilers/intel/2018/1.163/tbb/lib/intel64/gcc4.4:/apps/compilers/intel/2018/1.163/debugger/libipt/intel64/lib:/apps/compilers/intel/2018/1.163/debugger/lib/intel64:/apps/compilers/cuda/10.0.130/lib64:/opt/slurm/lib64::
#$ PATH=/apps/compilers/cuda/10.0.130/bin/../nvvm/bin:/apps/compilers/cuda/10.0.130/bin:/apps/compilers/gcc/5.2.0/bin:/apps/compilers/intel/2018/1.163/compilers_and_libraries/linux/bin/intel64:/apps/compilers/intel/2018/1.163/debugger/gdb/intel64/bin:/apps/ufrc/ufhpc/bin:/apps/git/2.30.1/bin:/apps/compilers/cuda/10.0.130/bin:/apps/cmake/3.19.1/bin:/apps/ufrc/share/man:/apps/ufrc/bin:/opt/slurm/bin:/usr/lib64/qt-3.3/bin:/usr/local/bin:/usr/bin:/usr/local/sbin:/usr/sbin:/opt/puppetlabs/bin:/bin:/opt/dell/srvadmin/bin:/home/jacobroberge/bin
#$ INCLUDES="-I/apps/compilers/cuda/10.0.130/bin/../targets/x86_64-linux/include"  
#$ LIBRARIES=  "-L/apps/compilers/cuda/10.0.130/bin/../targets/x86_64-linux/lib/stubs" "-L/apps/compilers/cuda/10.0.130/bin/../targets/x86_64-linux/lib"
#$ CUDAFE_FLAGS=
#$ PTXAS_FLAGS=
#$ rm tmp/a_dlink.reg.c
#$ gcc -D__CUDA_ARCH__=300 -E -x c++  -DCUDA_DOUBLE_MATH_FUNCTIONS -D__CUDACC__ -D__NVCC__  "-I/apps/compilers/cuda/10.0.130/bin/../targets/x86_64-linux/include"    -D__CUDACC_VER_MAJOR__=10 -D__CUDACC_VER_MINOR__=0 -D__CUDACC_VER_BUILD__=130 -include "cuda_runtime.h" -m64 "CMakeCUDACompilerId.cu" > "tmp/CMakeCUDACompilerId.cpp1.ii" 
#$ cicc --gnu_version=50200 --allow_managed   -arch compute_30 -m64 -ftz=0 -prec_div=1 -prec_sqrt=1 -fmad=1 --include_file_name "CMakeCUDACompilerId.fatbin.c" -tused -nvvmir-library "/apps/compilers/cuda/10.0.130/bin/../nvvm/libdevice/libdevice.10.bc" --gen_module_id_file --module_id_file_name "tmp/CMakeCUDACompilerId.module_id" --orig_src_file_name "CMakeCUDACompilerId.cu" --gen_c_file_name "tmp/CMakeCUDACompilerId.cudafe1.c" --stub_file_name "tmp/CMakeCUDACompilerId.cudafe1.stub.c" --gen_device_file_name "tmp/CMakeCUDACompilerId.cudafe1.gpu"  "tmp/CMakeCUDACompilerId.cpp1.ii" -o "tmp/CMakeCUDACompilerId.ptx"
#$ ptxas -arch=sm_30 -m64  "tmp/CMakeCUDACompilerId.ptx"  -o "tmp/CMakeCUDACompilerId.sm_30.cubin" 
#$ fatbinary --create="tmp/CMakeCUDACompilerId.fatbin" -64 "--image=profile=sm_30,file=tmp/CMakeCUDACompilerId.sm_30.cubin" "--image=profile=compute_30,file=tmp/CMakeCUDACompilerId.ptx" --embedded-fatbin="tmp/CMakeCUDACompilerId.fatbin.c" --cuda
#$ gcc -E -x c++ -D__CUDACC__ -D__NVCC__  "-I/apps/compilers/cuda/10.0.130/bin/../targets/x86_64-linux/include"    -D__CUDACC_VER_MAJOR__=10 -D__CUDACC_VER_MINOR__=0 -D__CUDACC_VER_BUILD__=130 -include "cuda_runtime.h" -m64 "CMakeCUDACompilerId.cu" > "tmp/CMakeCUDACompilerId.cpp4.ii" 
#$ cudafe++ --gnu_version=50200 --allow_managed  --m64 --parse_templates --gen_c_file_name "tmp/CMakeCUDACompilerId.cudafe1.cpp" --stub_file_name "CMakeCUDACompilerId.cudafe1.stub.c" --module_id_file_name "tmp/CMakeCUDACompilerId.module_id" "tmp/CMakeCUDACompilerId.cpp4.ii" 
#$ gcc -D__CUDA_ARCH__=300 -c -x c++  -DCUDA_DOUBLE_MATH_FUNCTIONS "-I/apps/compilers/cuda/10.0.130/bin/../targets/x86_64-linux/include"   -m64 -o "tmp/CMakeCUDACompilerId.o" "tmp/CMakeCUDACompilerId.cudafe1.cpp" 
#$ nvlink --arch=sm_30 --register-link-binaries="tmp/a_dlink.reg.c"  -m64   "-L/apps/compilers/cuda/10.0.130/bin/../targets/x86_64-linux/lib/stubs" "-L/apps/compilers/cuda/10.0.130/bin/../targets/x86_64-linux/lib" -cpu-arch=X86_64 "tmp/CMakeCUDACompilerId.o"  -o "tmp/a_dlink.sm_30.cubin"
#$ fatbinary --create="tmp/a_dlink.fatbin" -64 -link "--image=profile=sm_30,file=tmp/a_dlink.sm_30.cubin" --embedded-fatbin="tmp/a_dlink.fatbin.c" 
#$ gcc -c -x c++ -DFATBINFILE="\"tmp/a_dlink.fatbin.c\"" -DREGISTERLINKBINARYFILE="\"tmp/a_dlink.reg.c\"" -I. -D__NV_EXTRA_INITIALIZATION= -D__NV_EXTRA_FINALIZATION= -D__CUDA_INCLUDE_COMPILER_INTERNAL_HEADERS__  "-I/apps/compilers/cuda/10.0.130/bin/../targets/x86_64-linux/include"    -D__CUDACC_VER_MAJOR__=10 -D__CUDACC_VER_MINOR__=0 -D__CUDACC_VER_BUILD__=130 -m64 -o "tmp/a_dlink.o" "/apps/compilers/cuda/10.0.130/bin/crt/link.stub" 
#$ g++ -m64 -o "a.out" -Wl,--start-group "tmp/a_dlink.o" "tmp/CMakeCUDACompilerId.o"   "-L/apps/compilers/cuda/10.0.130/bin/../targets/x86_64-linux/lib/stubs" "-L/apps/compilers/cuda/10.0.130/bin/../targets/x86_64-linux/lib" -lcudadevrt  -lcudart_static  -lrt -lpthread  -ldl  -Wl,--end-group 


Compilation of the CUDA compiler identification source "CMakeCUDACompilerId.cu" produced "a.out"

The CUDA compiler identification is NVIDIA, found in "/blue/cis4936/jacobroberge/share/Flocking_Cuda/build/CMakeFiles/3.19.1/CompilerIdCUDA/a.out"

Parsed CUDA nvcc implicit link information from above output:
  found 'PATH=' string: [/apps/compilers/cuda/10.0.130/bin/../nvvm/bin:/apps/compilers/cuda/10.0.130/bin:/apps/compilers/gcc/5.2.0/bin:/apps/compilers/intel/2018/1.163/compilers_and_libraries/linux/bin/intel64:/apps/compilers/intel/2018/1.163/debugger/gdb/intel64/bin:/apps/ufrc/ufhpc/bin:/apps/git/2.30.1/bin:/apps/compilers/cuda/10.0.130/bin:/apps/cmake/3.19.1/bin:/apps/ufrc/share/man:/apps/ufrc/bin:/opt/slurm/bin:/usr/lib64/qt-3.3/bin:/usr/local/bin:/usr/bin:/usr/local/sbin:/usr/sbin:/opt/puppetlabs/bin:/bin:/opt/dell/srvadmin/bin:/home/jacobroberge/bin]
  found 'LIBRARIES=' string: ["-L/apps/compilers/cuda/10.0.130/bin/../targets/x86_64-linux/lib/stubs" "-L/apps/compilers/cuda/10.0.130/bin/../targets/x86_64-linux/lib"]
  considering line: [#$ rm tmp/a_dlink.reg.c]
  considering line: [gcc -D__CUDA_ARCH__=300 -E -x c++  -DCUDA_DOUBLE_MATH_FUNCTIONS -D__CUDACC__ -D__NVCC__  "-I/apps/compilers/cuda/10.0.130/bin/../targets/x86_64-linux/include"    -D__CUDACC_VER_MAJOR__=10 -D__CUDACC_VER_MINOR__=0 -D__CUDACC_VER_BUILD__=130 -include "cuda_runtime.h" -m64 "CMakeCUDACompilerId.cu" > "tmp/CMakeCUDACompilerId.cpp1.ii" ]
  considering line: [cicc --gnu_version=50200 --allow_managed   -arch compute_30 -m64 -ftz=0 -prec_div=1 -prec_sqrt=1 -fmad=1 --include_file_name "CMakeCUDACompilerId.fatbin.c" -tused -nvvmir-library "/apps/compilers/cuda/10.0.130/bin/../nvvm/libdevice/libdevice.10.bc" --gen_module_id_file --module_id_file_name "tmp/CMakeCUDACompilerId.module_id" --orig_src_file_name "CMakeCUDACompilerId.cu" --gen_c_file_name "tmp/CMakeCUDACompilerId.cudafe1.c" --stub_file_name "tmp/CMakeCUDACompilerId.cudafe1.stub.c" --gen_device_file_name "tmp/CMakeCUDACompilerId.cudafe1.gpu"  "tmp/CMakeCUDACompilerId.cpp1.ii" -o "tmp/CMakeCUDACompilerId.ptx"]
  considering line: [ptxas -arch=sm_30 -m64  "tmp/CMakeCUDACompilerId.ptx"  -o "tmp/CMakeCUDACompilerId.sm_30.cubin" ]
  considering line: [fatbinary --create="tmp/CMakeCUDACompilerId.fatbin" -64 "--image=profile=sm_30,file=tmp/CMakeCUDACompilerId.sm_30.cubin" "--image=profile=compute_30,file=tmp/CMakeCUDACompilerId.ptx" --embedded-fatbin="tmp/CMakeCUDACompilerId.fatbin.c" --cuda]
  considering line: [gcc -E -x c++ -D__CUDACC__ -D__NVCC__  "-I/apps/compilers/cuda/10.0.130/bin/../targets/x86_64-linux/include"    -D__CUDACC_VER_MAJOR__=10 -D__CUDACC_VER_MINOR__=0 -D__CUDACC_VER_BUILD__=130 -include "cuda_runtime.h" -m64 "CMakeCUDACompilerId.cu" > "tmp/CMakeCUDACompilerId.cpp4.ii" ]
  considering line: [cudafe++ --gnu_version=50200 --allow_managed  --m64 --parse_templates --gen_c_file_name "tmp/CMakeCUDACompilerId.cudafe1.cpp" --stub_file_name "CMakeCUDACompilerId.cudafe1.stub.c" --module_id_file_name "tmp/CMakeCUDACompilerId.module_id" "tmp/CMakeCUDACompilerId.cpp4.ii" ]
  considering line: [gcc -D__CUDA_ARCH__=300 -c -x c++  -DCUDA_DOUBLE_MATH_FUNCTIONS "-I/apps/compilers/cuda/10.0.130/bin/../targets/x86_64-linux/include"   -m64 -o "tmp/CMakeCUDACompilerId.o" "tmp/CMakeCUDACompilerId.cudafe1.cpp" ]
  considering line: [nvlink --arch=sm_30 --register-link-binaries="tmp/a_dlink.reg.c"  -m64   "-L/apps/compilers/cuda/10.0.130/bin/../targets/x86_64-linux/lib/stubs" "-L/apps/compilers/cuda/10.0.130/bin/../targets/x86_64-linux/lib" -cpu-arch=X86_64 "tmp/CMakeCUDACompilerId.o"  -o "tmp/a_dlink.sm_30.cubin"]
    ignoring nvlink line
  considering line: [fatbinary --create="tmp/a_dlink.fatbin" -64 -link "--image=profile=sm_30,file=tmp/a_dlink.sm_30.cubin" --embedded-fatbin="tmp/a_dlink.fatbin.c" ]
  considering line: [gcc -c -x c++ -DFATBINFILE="\"tmp/a_dlink.fatbin.c\"" -DREGISTERLINKBINARYFILE="\"tmp/a_dlink.reg.c\"" -I. -D__NV_EXTRA_INITIALIZATION= -D__NV_EXTRA_FINALIZATION= -D__CUDA_INCLUDE_COMPILER_INTERNAL_HEADERS__  "-I/apps/compilers/cuda/10.0.130/bin/../targets/x86_64-linux/include"    -D__CUDACC_VER_MAJOR__=10 -D__CUDACC_VER_MINOR__=0 -D__CUDACC_VER_BUILD__=130 -m64 -o "tmp/a_dlink.o" "/apps/compilers/cuda/10.0.130/bin/crt/link.stub" ]
  considering line: [g++ -m64 -o "a.out" -Wl,--start-group "tmp/a_dlink.o" "tmp/CMakeCUDACompilerId.o"   "-L/apps/compilers/cuda/10.0.130/bin/../targets/x86_64-linux/lib/stubs" "-L/apps/compilers/cuda/10.0.130/bin/../targets/x86_64-linux/lib" -lcudadevrt  -lcudart_static  -lrt -lpthread  -ldl  -Wl,--end-group ]
    extracted link line: [g++ -m64 -o "a.out" -Wl,--start-group "tmp/a_dlink.o" "tmp/CMakeCUDACompilerId.o"   "-L/apps/compilers/cuda/10.0.130/bin/../targets/x86_64-linux/lib/stubs" "-L/apps/compilers/cuda/10.0.130/bin/../targets/x86_64-linux/lib" -lcudadevrt  -lcudart_static  -lrt -lpthread  -ldl  -Wl,--end-group ]
  considering line: []
  extracted link launcher name: [g++]
  found link launcher absolute path: [/apps/compilers/gcc/5.2.0/bin/g++]

  link line regex: [^( *|.*[/\])(ld|CMAKE_LINK_STARTFILE-NOTFOUND|([^/\]+-)?ld|collect2)[^/\]*( |$)]
  link line: [cuda-fake-ld g++ -m64 -o "a.out" -Wl,--start-group "tmp/a_dlink.o" "tmp/CMakeCUDACompilerId.o"   "-L/apps/compilers/cuda/10.0.130/bin/../targets/x86_64-linux/lib/stubs" "-L/apps/compilers/cuda/10.0.130/bin/../targets/x86_64-linux/lib" -lcudadevrt  -lcudart_static  -lrt -lpthread  -ldl  -Wl,--end-group ]
    arg [cuda-fake-ld] ==> ignore
    arg [g++] ==> ignore
    arg [-m64] ==> ignore
    arg [-o] ==> ignore
    arg [a.out] ==> ignore
    arg [-Wl,--start-group] ==> ignore
    arg [tmp/a_dlink.o] ==> ignore
    arg [tmp/CMakeCUDACompilerId.o] ==> ignore
    arg [-L/apps/compilers/cuda/10.0.130/bin/../targets/x86_64-linux/lib/stubs] ==> dir [/apps/compilers/cuda/10.0.130/bin/../targets/x86_64-linux/lib/stubs]
    arg [-L/apps/compilers/cuda/10.0.130/bin/../targets/x86_64-linux/lib] ==> dir [/apps/compilers/cuda/10.0.130/bin/../targets/x86_64-linux/lib]
    arg [-lcudadevrt] ==> lib [cudadevrt]
    arg [-lcudart_static] ==> lib [cudart_static]
    arg [-lrt] ==> lib [rt]
    arg [-lpthread] ==> lib [pthread]
    arg [-ldl] ==> lib [dl]
    arg [-Wl,--end-group] ==> ignore
  collapse library dir [/apps/compilers/cuda/10.0.130/bin/../targets/x86_64-linux/lib/stubs] ==> [/apps/compilers/cuda/10.0.130/targets/x86_64-linux/lib/stubs]
  collapse library dir [/apps/compilers/cuda/10.0.130/bin/../targets/x86_64-linux/lib] ==> [/apps/compilers/cuda/10.0.130/targets/x86_64-linux/lib]
  implicit libs: [cudadevrt;cudart_static;rt;pthread;dl]
  implicit dirs: [/apps/compilers/cuda/10.0.130/targets/x86_64-linux/lib/stubs;/apps/compilers/cuda/10.0.130/targets/x86_64-linux/lib]
  implicit fwks: []


Parsed CUDA nvcc include information from above output:
  found 'PATH=' string: [/apps/compilers/cuda/10.0.130/bin/../nvvm/bin:/apps/compilers/cuda/10.0.130/bin:/apps/compilers/gcc/5.2.0/bin:/apps/compilers/intel/2018/1.163/compilers_and_libraries/linux/bin/intel64:/apps/compilers/intel/2018/1.163/debugger/gdb/intel64/bin:/apps/ufrc/ufhpc/bin:/apps/git/2.30.1/bin:/apps/compilers/cuda/10.0.130/bin:/apps/cmake/3.19.1/bin:/apps/ufrc/share/man:/apps/ufrc/bin:/opt/slurm/bin:/usr/lib64/qt-3.3/bin:/usr/local/bin:/usr/bin:/usr/local/sbin:/usr/sbin:/opt/puppetlabs/bin:/bin:/opt/dell/srvadmin/bin:/home/jacobroberge/bin]
  found 'LIBRARIES=' string: ["-L/apps/compilers/cuda/10.0.130/bin/../targets/x86_64-linux/lib/stubs" "-L/apps/compilers/cuda/10.0.130/bin/../targets/x86_64-linux/lib"]
  considering line: [#$ rm tmp/a_dlink.reg.c]
  considering line: [gcc -D__CUDA_ARCH__=300 -E -x c++  -DCUDA_DOUBLE_MATH_FUNCTIONS -D__CUDACC__ -D__NVCC__  "-I/apps/compilers/cuda/10.0.130/bin/../targets/x86_64-linux/include"    -D__CUDACC_VER_MAJOR__=10 -D__CUDACC_VER_MINOR__=0 -D__CUDACC_VER_BUILD__=130 -include "cuda_runtime.h" -m64 "CMakeCUDACompilerId.cu" > "tmp/CMakeCUDACompilerId.cpp1.ii" ]
  considering line: [cicc --gnu_version=50200 --allow_managed   -arch compute_30 -m64 -ftz=0 -prec_div=1 -prec_sqrt=1 -fmad=1 --include_file_name "CMakeCUDACompilerId.fatbin.c" -tused -nvvmir-library "/apps/compilers/cuda/10.0.130/bin/../nvvm/libdevice/libdevice.10.bc" --gen_module_id_file --module_id_file_name "tmp/CMakeCUDACompilerId.module_id" --orig_src_file_name "CMakeCUDACompilerId.cu" --gen_c_file_name "tmp/CMakeCUDACompilerId.cudafe1.c" --stub_file_name "tmp/CMakeCUDACompilerId.cudafe1.stub.c" --gen_device_file_name "tmp/CMakeCUDACompilerId.cudafe1.gpu"  "tmp/CMakeCUDACompilerId.cpp1.ii" -o "tmp/CMakeCUDACompilerId.ptx"]
  considering line: [ptxas -arch=sm_30 -m64  "tmp/CMakeCUDACompilerId.ptx"  -o "tmp/CMakeCUDACompilerId.sm_30.cubin" ]
  considering line: [fatbinary --create="tmp/CMakeCUDACompilerId.fatbin" -64 "--image=profile=sm_30,file=tmp/CMakeCUDACompilerId.sm_30.cubin" "--image=profile=compute_30,file=tmp/CMakeCUDACompilerId.ptx" --embedded-fatbin="tmp/CMakeCUDACompilerId.fatbin.c" --cuda]
  considering line: [gcc -E -x c++ -D__CUDACC__ -D__NVCC__  "-I/apps/compilers/cuda/10.0.130/bin/../targets/x86_64-linux/include"    -D__CUDACC_VER_MAJOR__=10 -D__CUDACC_VER_MINOR__=0 -D__CUDACC_VER_BUILD__=130 -include "cuda_runtime.h" -m64 "CMakeCUDACompilerId.cu" > "tmp/CMakeCUDACompilerId.cpp4.ii" ]
  considering line: [cudafe++ --gnu_version=50200 --allow_managed  --m64 --parse_templates --gen_c_file_name "tmp/CMakeCUDACompilerId.cudafe1.cpp" --stub_file_name "CMakeCUDACompilerId.cudafe1.stub.c" --module_id_file_name "tmp/CMakeCUDACompilerId.module_id" "tmp/CMakeCUDACompilerId.cpp4.ii" ]
  considering line: [gcc -D__CUDA_ARCH__=300 -c -x c++  -DCUDA_DOUBLE_MATH_FUNCTIONS "-I/apps/compilers/cuda/10.0.130/bin/../targets/x86_64-linux/include"   -m64 -o "tmp/CMakeCUDACompilerId.o" "tmp/CMakeCUDACompilerId.cudafe1.cpp" ]
  considering line: [nvlink --arch=sm_30 --register-link-binaries="tmp/a_dlink.reg.c"  -m64   "-L/apps/compilers/cuda/10.0.130/bin/../targets/x86_64-linux/lib/stubs" "-L/apps/compilers/cuda/10.0.130/bin/../targets/x86_64-linux/lib" -cpu-arch=X86_64 "tmp/CMakeCUDACompilerId.o"  -o "tmp/a_dlink.sm_30.cubin"]
    ignoring nvlink line
  considering line: [fatbinary --create="tmp/a_dlink.fatbin" -64 -link "--image=profile=sm_30,file=tmp/a_dlink.sm_30.cubin" --embedded-fatbin="tmp/a_dlink.fatbin.c" ]
  considering line: [gcc -c -x c++ -DFATBINFILE="\"tmp/a_dlink.fatbin.c\"" -DREGISTERLINKBINARYFILE="\"tmp/a_dlink.reg.c\"" -I. -D__NV_EXTRA_INITIALIZATION= -D__NV_EXTRA_FINALIZATION= -D__CUDA_INCLUDE_COMPILER_INTERNAL_HEADERS__  "-I/apps/compilers/cuda/10.0.130/bin/../targets/x86_64-linux/include"    -D__CUDACC_VER_MAJOR__=10 -D__CUDACC_VER_MINOR__=0 -D__CUDACC_VER_BUILD__=130 -m64 -o "tmp/a_dlink.o" "/apps/compilers/cuda/10.0.130/bin/crt/link.stub" ]
  considering line: [g++ -m64 -o "a.out" -Wl,--start-group "tmp/a_dlink.o" "tmp/CMakeCUDACompilerId.o"   "-L/apps/compilers/cuda/10.0.130/bin/../targets/x86_64-linux/lib/stubs" "-L/apps/compilers/cuda/10.0.130/bin/../targets/x86_64-linux/lib" -lcudadevrt  -lcudart_static  -lrt -lpthread  -ldl  -Wl,--end-group ]
    extracted link line: [g++ -m64 -o "a.out" -Wl,--start-group "tmp/a_dlink.o" "tmp/CMakeCUDACompilerId.o"   "-L/apps/compilers/cuda/10.0.130/bin/../targets/x86_64-linux/lib/stubs" "-L/apps/compilers/cuda/10.0.130/bin/../targets/x86_64-linux/lib" -lcudadevrt  -lcudart_static  -lrt -lpthread  -ldl  -Wl,--end-group ]
  considering line: []
  extracted link launcher name: [g++]
  found link launcher absolute path: [/apps/compilers/gcc/5.2.0/bin/g++]
  found 'INCLUDES=' string: ["-I/apps/compilers/cuda/10.0.130/bin/../targets/x86_64-linux/include"  ]

  link line regex: [^( *|.*[/\])(ld|CMAKE_LINK_STARTFILE-NOTFOUND|([^/\]+-)?ld|collect2)[^/\]*( |$)]
  link line: [cuda-fake-ld g++ -m64 -o "a.out" -Wl,--start-group "tmp/a_dlink.o" "tmp/CMakeCUDACompilerId.o"   "-L/apps/compilers/cuda/10.0.130/bin/../targets/x86_64-linux/lib/stubs" "-L/apps/compilers/cuda/10.0.130/bin/../targets/x86_64-linux/lib" -lcudadevrt  -lcudart_static  -lrt -lpthread  -ldl  -Wl,--end-group ]
    arg [cuda-fake-ld] ==> ignore
    arg [g++] ==> ignore
    arg [-m64] ==> ignore
    arg [-o] ==> ignore
    arg [a.out] ==> ignore
    arg [-Wl,--start-group] ==> ignore
    arg [tmp/a_dlink.o] ==> ignore
    arg [tmp/CMakeCUDACompilerId.o] ==> ignore
    arg [-L/apps/compilers/cuda/10.0.130/bin/../targets/x86_64-linux/lib/stubs] ==> dir [/apps/compilers/cuda/10.0.130/bin/../targets/x86_64-linux/lib/stubs]
    arg [-L/apps/compilers/cuda/10.0.130/bin/../targets/x86_64-linux/lib] ==> dir [/apps/compilers/cuda/10.0.130/bin/../targets/x86_64-linux/lib]
    arg [-lcudadevrt] ==> lib [cudadevrt]
    arg [-lcudart_static] ==> lib [cudart_static]
    arg [-lrt] ==> lib [rt]
    arg [-lpthread] ==> lib [pthread]
    arg [-ldl] ==> lib [dl]
    arg [-Wl,--end-group] ==> ignore
  collapse library dir [/apps/compilers/cuda/10.0.130/bin/../targets/x86_64-linux/lib/stubs] ==> [/apps/compilers/cuda/10.0.130/targets/x86_64-linux/lib/stubs]
  collapse library dir [/apps/compilers/cuda/10.0.130/bin/../targets/x86_64-linux/lib] ==> [/apps/compilers/cuda/10.0.130/targets/x86_64-linux/lib]
  implicit libs: [cudadevrt;cudart_static;rt;pthread;dl]
  implicit dirs: [/apps/compilers/cuda/10.0.130/targets/x86_64-linux/lib/stubs;/apps/compilers/cuda/10.0.130/targets/x86_64-linux/lib]
  implicit fwks: []


Detecting CXX compiler ABI info compiled with the following output:
Change Dir: /blue/cis4936/jacobroberge/share/Flocking_Cuda/build/CMakeFiles/CMakeTmp

Run Build Command(s):/usr/bin/gmake cmTC_02fc5/fast && /usr/bin/gmake  -f CMakeFiles/cmTC_02fc5.dir/build.make CMakeFiles/cmTC_02fc5.dir/build
gmake[1]: Entering directory `/blue/cis4936/jacobroberge/share/Flocking_Cuda/build/CMakeFiles/CMakeTmp'
Building CXX object CMakeFiles/cmTC_02fc5.dir/CMakeCXXCompilerABI.cpp.o
/apps/compilers/intel/2018/1.163/compilers_and_libraries/linux/bin/intel64/icpc   -v -o CMakeFiles/cmTC_02fc5.dir/CMakeCXXCompilerABI.cpp.o -c /apps/cmake/3.19.1/share/cmake-3.19/Modules/CMakeCXXCompilerABI.cpp
icpc version 18.0.1 (gcc version 5.2.0 compatibility)
/apps/compilers/intel/2018/1.163/compilers_and_libraries_2018.1.163/linux/bin/intel64/mcpcom    --target_efi2 --lang=c++ -_g -mP3OPT_inline_alloca -D__ICC=1800 -D__INTEL_COMPILER=1800 -D__INTEL_COMPILER_UPDATE=1 -D__PTRDIFF_TYPE__=long "-D__SIZE_TYPE__=unsigned long" -D__WCHAR_TYPE__=int "-D__WINT_TYPE__=unsigned int" "-D__INTMAX_TYPE__=long int" "-D__UINTMAX_TYPE__=long unsigned int" -D__GLIBCXX_TYPE_INT_N_0=__int128 -D__GLIBCXX_BITSIZE_INT_N_0=128 -D__LONG_MAX__=9223372036854775807L -D__QMSPP_ -D__OPTIMIZE__ -D__NO_MATH_INLINES -D__NO_STRING_INLINES -D__GNUC_GNU_INLINE__ -D__GNUG__=5 -D__GNUC__=5 -D__GNUC_MINOR__=2 -D__GNUC_PATCHLEVEL__=0 -D__LP64__ -D_LP64 -D_GNU_SOURCE=1 -D__DEPRECATED=1 -D__GXX_WEAK__=1 -D__GXX_ABI_VERSION=1009 "-D__USER_LABEL_PREFIX__= " -D__REGISTER_PREFIX__= -D__INTEL_RTTI__ -D__EXCEPTIONS=1 -D__unix__ -D__unix -D__linux__ -D__linux -D__gnu_linux__ -B -Dunix -Dlinux "-_Asystem(unix)" -D__ELF__ -D__x86_64 -D__x86_64__ -D__amd64 -D__amd64__ "-_Acpu(x86_64)" "-_Amachine(x86_64)" -D__INTEL_COMPILER_BUILD_DATE=20171018 -D__INTEL_OFFLOAD -D__i686 -D__i686__ -D__pentiumpro -D__pentiumpro__ -D__pentium4 -D__pentium4__ -D__tune_pentium4__ -D__SSE2__ -D__SSE2_MATH__ -D__SSE__ -D__SSE_MATH__ -D__MMX__ -_k -_8 -_l --has_new_stdarg_support -_a -_b --gnu_version=50200 -_W5 --gcc-extern-inline -p --bool -tused -x --multibyte_chars -mGLOB_diag_suppress_sys --system_preinclude /usr/include/stdc-predef.h --array_section --simd --simd_func --offload_mode=1 --offload_target_names=gfx,GFX,mic,MIC --offload_unique_string=icpc0350728680jTeytO --bool -mGLOB_em64t=TRUE -mP1OPT_version=18.0-intel64 -mGLOB_diag_file=CMakeFiles/cmTC_02fc5.dir/CMakeCXXCompilerABI.cpp.diag -mGLOB_long_size_64 -mGLOB_routine_pointer_size_64 -mP1OPT_print_version=FALSE -mCG_use_gas_got_workaround=F -mP2OPT_align_option_used=TRUE -mGLOB_gcc_version=520 "-mGLOB_options_string=-v -o CMakeFiles/cmTC_02fc5.dir/CMakeCXXCompilerABI.cpp.o -c" -mGLOB_cxx_limited_range=FALSE -mCG_extend_parms=FALSE -mGLOB_compiler_bin_directory=/apps/compilers/intel/2018/1.163/compilers_and_libraries_2018.1.163/linux/bin/intel64 -mGLOB_as_output_backup_file_name=/tmp/icpcyy54zHas_.s -mIPOPT_activate -mIPOPT_lite -mGLOB_instruction_tuning=0x0 -mGLOB_uarch_tuning=0x0 -mGLOB_product_id_code=0x22006d8f -mCG_bnl_movbe=T -mGLOB_extended_instructions=0x8 -mP3OPT_use_mspp_call_convention -mP2OPT_subs_out_of_bound=FALSE -mP2OPT_disam_type_based_disam=2 -mP2OPT_disam_assume_ansi_c -mP2OPT_checked_disam_ansi_alias=TRUE -mGLOB_ansi_alias -mPGOPTI_value_profile_use=T -mP2OPT_il0_array_sections=TRUE -mGLOB_offload_mode=1 -mP2OPT_offload_unique_var_string=icpc0350728680jTeytO -mP2OPT_hlo_level=2 -mP2OPT_hlo -mP2OPT_hpo_rtt_control=0 -mIPOPT_args_in_regs=0 -mP2OPT_disam_assume_nonstd_intent_in=FALSE -mGLOB_imf_mapping_library=/apps/compilers/intel/2018/1.163/compilers_and_libraries_2018.1.163/linux/bin/intel64/libiml_attr.so -mPGOPTI_gen_threadsafe_level=0 -mIPOPT_lto_object_enabled -mIPOPT_lto_object_value=1 -mIPOPT_obj_output_file_name=CMakeFiles/cmTC_02fc5.dir/CMakeCXXCompilerABI.cpp.o -mIPOPT_whole_archive_fixup_file_name=/tmp/icpcwarchk2b4E7 -mGLOB_linker_version=2.27 -mGLOB_driver_tempfile_name=/tmp/icpctempfileYG2EHk -mP3OPT_asm_target=P3OPT_ASM_TARGET_GAS -mGLOB_async_unwind_tables=TRUE -mGLOB_obj_output_file=CMakeFiles/cmTC_02fc5.dir/CMakeCXXCompilerABI.cpp.o -mGLOB_source_dialect=GLOB_SOURCE_DIALECT_C_PLUS_PLUS -mP1OPT_source_file_name=/apps/cmake/3.19.1/share/cmake-3.19/Modules/CMakeCXXCompilerABI.cpp -mP1OPT_full_source_file_name=/apps/cmake/3.19.1/share/cmake-3.19/Modules/CMakeCXXCompilerABI.cpp -mGLOB_eh_linux /apps/cmake/3.19.1/share/cmake-3.19/Modules/CMakeCXXCompilerABI.cpp
#include "..." search starts here:
#include <...> search starts here:
 /apps/compilers/intel/2018/1.163/mkl/include
 /apps/compilers/intel/2018/1.163/tbb/include
 /apps/compilers/intel/2018/1.163/compilers_and_libraries_2018.1.163/linux/compiler/include/intel64
 /apps/compilers/intel/2018/1.163/compilers_and_libraries_2018.1.163/linux/compiler/include/icc
 /apps/compilers/intel/2018/1.163/compilers_and_libraries_2018.1.163/linux/compiler/include
 /apps/compilers/gcc/5.2.0/include/c++/5.2.0
 /apps/compilers/gcc/5.2.0/include/c++/5.2.0/x86_64-redhat-linux-gnu
 /apps/compilers/gcc/5.2.0/include/c++/5.2.0/backward
 /usr/local/include
 /apps/compilers/gcc/5.2.0/lib/gcc/x86_64-redhat-linux-gnu/5.2.0/include
 /apps/compilers/gcc/5.2.0/lib/gcc/x86_64-redhat-linux-gnu/5.2.0/include-fixed
 /apps/compilers/gcc/5.2.0/include/
 /usr/include
End of search list.
Linking CXX executable cmTC_02fc5
/apps/cmake/3.19.1/bin/cmake -E cmake_link_script CMakeFiles/cmTC_02fc5.dir/link.txt --verbose=1
/apps/compilers/intel/2018/1.163/compilers_and_libraries/linux/bin/intel64/icpc  -v CMakeFiles/cmTC_02fc5.dir/CMakeCXXCompilerABI.cpp.o -o cmTC_02fc5 
icpc version 18.0.1 (gcc version 5.2.0 compatibility)
/apps/compilers/intel/2018/1.163/compilers_and_libraries_2018.1.163/linux/bin/intel64/mcpcom    -mGLOB_em64t=TRUE -mP1OPT_version=18.0-intel64 -mGLOB_diag_file=CMakeFiles/cmTC_02fc5.dir/CMakeCXXCompilerABI.cpp.diag -mGLOB_long_size_64 -mGLOB_routine_pointer_size_64 -mP1OPT_print_version=FALSE -mCG_use_gas_got_workaround=F -mP2OPT_align_option_used=TRUE -mGLOB_gcc_version=520 "-mGLOB_options_string=-v -o cmTC_02fc5" -mGLOB_cxx_limited_range=FALSE -mCG_extend_parms=FALSE -mGLOB_compiler_bin_directory=/apps/compilers/intel/2018/1.163/compilers_and_libraries_2018.1.163/linux/bin/intel64 -mGLOB_as_output_backup_file_name=/tmp/icpc2VY4eoas_.s -mGLOB_dashboard_use_source_name -mIPOPT_activate -mGLOB_product_id_code=0x22006d8f -mP3OPT_use_mspp_call_convention -mP2OPT_subs_out_of_bound=FALSE -mP2OPT_disam_type_based_disam=2 -mP2OPT_disam_assume_ansi_c -mP2OPT_checked_disam_ansi_alias=TRUE -mGLOB_ansi_alias -mPGOPTI_value_profile_use=T -mGLOB_opt_report_use_source_name -mP2OPT_il0_array_sections=TRUE -mGLOB_offload_mode=1 -mP2OPT_offload_unique_var_string=icpc0634978647TCQ0DP -mP2OPT_hlo -mP2OPT_hpo_rtt_control=0 -mIPOPT_args_in_regs=0 -mP2OPT_disam_assume_nonstd_intent_in=FALSE -mGLOB_imf_mapping_library=/apps/compilers/intel/2018/1.163/compilers_and_libraries_2018.1.163/linux/bin/intel64/libiml_attr.so -mPGOPTI_gen_threadsafe_level=0 -mIPOPT_link -mIPOPT_ipo_activate -mIPOPT_mo_activate -mIPOPT_source_files_list=/tmp/icpcslisad1crK -mIPOPT_mo_global_data -mIPOPT_link_script_file=/tmp/icpcscript3hMEHX "-mIPOPT_cmdline_link="/lib/../lib64/crt1.o" "/lib/../lib64/crti.o" "/apps/compilers/gcc/5.2.0/lib/gcc/x86_64-redhat-linux-gnu/5.2.0/crtbegin.o" "--eh-frame-hdr" "--build-id" "-dynamic-linker" "/lib64/ld-linux-x86-64.so.2" "-m" "elf_x86_64" "-o" "cmTC_02fc5" "-L/apps/compilers/intel/2018/1.163/compilers_and_libraries/linux/lib/intel64" "-L/apps/compilers/intel/2018/1.163/mkl/lib/intel64" "-L/apps/compilers/intel/2018/1.163/ipp/lib/intel64" "-L/apps/compilers/intel/2018/1.163/tbb/lib/intel64/gcc4.4" "-L/apps/compilers/intel/2018/1.163/compilers_and_libraries_2018.1.163/linux/compiler/lib/intel64_lin" "-L/apps/compilers/gcc/5.2.0/lib/gcc/x86_64-redhat-linux-gnu/5.2.0/" "-L/apps/compilers/gcc/5.2.0/lib/gcc/x86_64-redhat-linux-gnu/5.2.0/../../../../lib64" "-L/apps/compilers/gcc/5.2.0/lib/gcc/x86_64-redhat-linux-gnu/5.2.0/../../../../lib64/" "-L/lib/../lib64" "-L/lib/../lib64/" "-L/usr/lib/../lib64" "-L/usr/lib/../lib64/" "-L/apps/compilers/intel/2018/1.163/compilers_and_libraries/linux/lib/intel64/" "-L/apps/compilers/intel/2018/1.163/mkl/lib/intel64/" "-L/apps/compilers/intel/2018/1.163/ipp/lib/intel64/" "-L/apps/compilers/intel/2018/1.163/tbb/lib/intel64/gcc4.4/" "-L/apps/compilers/gcc/5.2.0/lib/gcc/x86_64-redhat-linux-gnu/5.2.0/../../../" "-L/lib64" "-L/lib/" "-L/usr/lib64" "-L/usr/lib" "CMakeFiles/cmTC_02fc5.dir/CMakeCXXCompilerABI.cpp.o" "-Bdynamic" "-Bstatic" "-limf" "-lsvml" "-lirng" "-Bdynamic" "-lstdc++" "-lm" "-Bstatic" "-lipgo" "-ldecimal" "--as-needed" "-Bdynamic" "-lcilkrts" "--no-as-needed" "-lstdc++" "-lgcc" "-lgcc_s" "-Bstatic" "-lirc" "-lsvml" "-Bdynamic" "-lc" "-lgcc" "-lgcc_s" "-Bstatic" "-lirc_s" "-Bdynamic" "-ldl" "-lc" "/apps/compilers/gcc/5.2.0/lib/gcc/x86_64-redhat-linux-gnu/5.2.0/crtend.o" "/lib/../lib64/crtn.o"" -mIPOPT_il_in_obj -mIPOPT_ipo_activate_warn=FALSE -mIPOPT_obj_output_file_name=/tmp/ipo_icpcWYnzQs.o -mIPOPT_whole_archive_fixup_file_name=/tmp/icpcwarchxT0f51 -mGLOB_linker_version=2.27 -mGLOB_driver_tempfile_name=/tmp/icpctempfileAJvfnf -mP3OPT_asm_target=P3OPT_ASM_TARGET_GAS -mGLOB_async_unwind_tables=TRUE -mGLOB_obj_output_file=/tmp/ipo_icpcWYnzQs.o -mGLOB_source_dialect=GLOB_SOURCE_DIALECT_NONE -mP1OPT_source_file_name=ipo_out.c CMakeFiles/cmTC_02fc5.dir/CMakeCXXCompilerABI.cpp.o -mIPOPT_object_files=T -mIPOPT_assembly_files=/tmp/icpcalis4JkrnT -mIPOPT_generated_tempfiles=/tmp/icpcelisJPxSD6 -mIPOPT_embedded_object_base_name=/tmp/icpceobj2VTjUj -mIPOPT_cmdline_link_new_name=/tmp/icpcllisdUoLax
ld    /lib/../lib64/crt1.o /lib/../lib64/crti.o /apps/compilers/gcc/5.2.0/lib/gcc/x86_64-redhat-linux-gnu/5.2.0/crtbegin.o --eh-frame-hdr --build-id -dynamic-linker /lib64/ld-linux-x86-64.so.2 -m elf_x86_64 -o cmTC_02fc5 -L/apps/compilers/intel/2018/1.163/compilers_and_libraries/linux/lib/intel64 -L/apps/compilers/intel/2018/1.163/mkl/lib/intel64 -L/apps/compilers/intel/2018/1.163/ipp/lib/intel64 -L/apps/compilers/intel/2018/1.163/tbb/lib/intel64/gcc4.4 -L/apps/compilers/intel/2018/1.163/compilers_and_libraries_2018.1.163/linux/compiler/lib/intel64_lin -L/apps/compilers/gcc/5.2.0/lib/gcc/x86_64-redhat-linux-gnu/5.2.0/ -L/apps/compilers/gcc/5.2.0/lib/gcc/x86_64-redhat-linux-gnu/5.2.0/../../../../lib64 -L/apps/compilers/gcc/5.2.0/lib/gcc/x86_64-redhat-linux-gnu/5.2.0/../../../../lib64/ -L/lib/../lib64 -L/lib/../lib64/ -L/usr/lib/../lib64 -L/usr/lib/../lib64/ -L/apps/compilers/intel/2018/1.163/compilers_and_libraries/linux/lib/intel64/ -L/apps/compilers/intel/2018/1.163/mkl/lib/intel64/ -L/apps/compilers/intel/2018/1.163/ipp/lib/intel64/ -L/apps/compilers/intel/2018/1.163/tbb/lib/intel64/gcc4.4/ -L/apps/compilers/gcc/5.2.0/lib/gcc/x86_64-redhat-linux-gnu/5.2.0/../../../ -L/lib64 -L/lib/ -L/usr/lib64 -L/usr/lib CMakeFiles/cmTC_02fc5.dir/CMakeCXXCompilerABI.cpp.o -Bdynamic -Bstatic -limf -lsvml -lirng -Bdynamic -lstdc++ -lm -Bstatic -lipgo -ldecimal --as-needed -Bdynamic -lcilkrts --no-as-needed -lstdc++ -lgcc -lgcc_s -Bstatic -lirc -lsvml -Bdynamic -lc -lgcc -lgcc_s -Bstatic -lirc_s -Bdynamic -ldl -lc /apps/compilers/gcc/5.2.0/lib/gcc/x86_64-redhat-linux-gnu/5.2.0/crtend.o /lib/../lib64/crtn.o
gmake[1]: Leaving directory `/blue/cis4936/jacobroberge/share/Flocking_Cuda/build/CMakeFiles/CMakeTmp'



Parsed CXX implicit include dir info from above output: rv=done
  found start of include info
  found start of implicit include info
    add: [/apps/compilers/intel/2018/1.163/mkl/include]
    add: [/apps/compilers/intel/2018/1.163/tbb/include]
    add: [/apps/compilers/intel/2018/1.163/compilers_and_libraries_2018.1.163/linux/compiler/include/intel64]
    add: [/apps/compilers/intel/2018/1.163/compilers_and_libraries_2018.1.163/linux/compiler/include/icc]
    add: [/apps/compilers/intel/2018/1.163/compilers_and_libraries_2018.1.163/linux/compiler/include]
    add: [/apps/compilers/gcc/5.2.0/include/c++/5.2.0]
    add: [/apps/compilers/gcc/5.2.0/include/c++/5.2.0/x86_64-redhat-linux-gnu]
    add: [/apps/compilers/gcc/5.2.0/include/c++/5.2.0/backward]
    add: [/usr/local/include]
    add: [/apps/compilers/gcc/5.2.0/lib/gcc/x86_64-redhat-linux-gnu/5.2.0/include]
    add: [/apps/compilers/gcc/5.2.0/lib/gcc/x86_64-redhat-linux-gnu/5.2.0/include-fixed]
    add: [/apps/compilers/gcc/5.2.0/include/]
    add: [/usr/include]
  end of search list found
  collapse include dir [/apps/compilers/intel/2018/1.163/mkl/include] ==> [/apps/compilers/intel/2018/1.163/mkl/include]
  collapse include dir [/apps/compilers/intel/2018/1.163/tbb/include] ==> [/apps/compilers/intel/2018/1.163/tbb/include]
  collapse include dir [/apps/compilers/intel/2018/1.163/compilers_and_libraries_2018.1.163/linux/compiler/include/intel64] ==> [/apps/compilers/intel/2018/1.163/compilers_and_libraries_2018.1.163/linux/compiler/include/intel64]
  collapse include dir [/apps/compilers/intel/2018/1.163/compilers_and_libraries_2018.1.163/linux/compiler/include/icc] ==> [/apps/compilers/intel/2018/1.163/compilers_and_libraries_2018.1.163/linux/compiler/include/icc]
  collapse include dir [/apps/compilers/intel/2018/1.163/compilers_and_libraries_2018.1.163/linux/compiler/include] ==> [/apps/compilers/intel/2018/1.163/compilers_and_libraries_2018.1.163/linux/compiler/include]
  collapse include dir [/apps/compilers/gcc/5.2.0/include/c++/5.2.0] ==> [/apps/compilers/gcc/5.2.0/include/c++/5.2.0]
  collapse include dir [/apps/compilers/gcc/5.2.0/include/c++/5.2.0/x86_64-redhat-linux-gnu] ==> [/apps/compilers/gcc/5.2.0/include/c++/5.2.0/x86_64-redhat-linux-gnu]
  collapse include dir [/apps/compilers/gcc/5.2.0/include/c++/5.2.0/backward] ==> [/apps/compilers/gcc/5.2.0/include/c++/5.2.0/backward]
  collapse include dir [/usr/local/include] ==> [/usr/local/include]
  collapse include dir [/apps/compilers/gcc/5.2.0/lib/gcc/x86_64-redhat-linux-gnu/5.2.0/include] ==> [/apps/compilers/gcc/5.2.0/lib/gcc/x86_64-redhat-linux-gnu/5.2.0/include]
  collapse include dir [/apps/compilers/gcc/5.2.0/lib/gcc/x86_64-redhat-linux-gnu/5.2.0/include-fixed] ==> [/apps/compilers/gcc/5.2.0/lib/gcc/x86_64-redhat-linux-gnu/5.2.0/include-fixed]
  collapse include dir [/apps/compilers/gcc/5.2.0/include/] ==> [/apps/compilers/gcc/5.2.0/include]
  collapse include dir [/usr/include] ==> [/usr/include]
  implicit include dirs: [/apps/compilers/intel/2018/1.163/mkl/include;/apps/compilers/intel/2018/1.163/tbb/include;/apps/compilers/intel/2018/1.163/compilers_and_libraries_2018.1.163/linux/compiler/include/intel64;/apps/compilers/intel/2018/1.163/compilers_and_libraries_2018.1.163/linux/compiler/include/icc;/apps/compilers/intel/2018/1.163/compilers_and_libraries_2018.1.163/linux/compiler/include;/apps/compilers/gcc/5.2.0/include/c++/5.2.0;/apps/compilers/gcc/5.2.0/include/c++/5.2.0/x86_64-redhat-linux-gnu;/apps/compilers/gcc/5.2.0/include/c++/5.2.0/backward;/usr/local/include;/apps/compilers/gcc/5.2.0/lib/gcc/x86_64-redhat-linux-gnu/5.2.0/include;/apps/compilers/gcc/5.2.0/lib/gcc/x86_64-redhat-linux-gnu/5.2.0/include-fixed;/apps/compilers/gcc/5.2.0/include;/usr/include]


Parsed CXX implicit link information from above output:
  link line regex: [^( *|.*[/\])(ld|CMAKE_LINK_STARTFILE-NOTFOUND|([^/\]+-)?ld|collect2)[^/\]*( |$)]
  ignore line: [Change Dir: /blue/cis4936/jacobroberge/share/Flocking_Cuda/build/CMakeFiles/CMakeTmp]
  ignore line: []
  ignore line: [Run Build Command(s):/usr/bin/gmake cmTC_02fc5/fast && /usr/bin/gmake  -f CMakeFiles/cmTC_02fc5.dir/build.make CMakeFiles/cmTC_02fc5.dir/build]
  ignore line: [gmake[1]: Entering directory `/blue/cis4936/jacobroberge/share/Flocking_Cuda/build/CMakeFiles/CMakeTmp']
  ignore line: [Building CXX object CMakeFiles/cmTC_02fc5.dir/CMakeCXXCompilerABI.cpp.o]
  ignore line: [/apps/compilers/intel/2018/1.163/compilers_and_libraries/linux/bin/intel64/icpc   -v -o CMakeFiles/cmTC_02fc5.dir/CMakeCXXCompilerABI.cpp.o -c /apps/cmake/3.19.1/share/cmake-3.19/Modules/CMakeCXXCompilerABI.cpp]
  ignore line: [icpc version 18.0.1 (gcc version 5.2.0 compatibility)]
  ignore line: [/apps/compilers/intel/2018/1.163/compilers_and_libraries_2018.1.163/linux/bin/intel64/mcpcom    --target_efi2 --lang=c++ -_g -mP3OPT_inline_alloca -D__ICC=1800 -D__INTEL_COMPILER=1800 -D__INTEL_COMPILER_UPDATE=1 -D__PTRDIFF_TYPE__=long "-D__SIZE_TYPE__=unsigned long" -D__WCHAR_TYPE__=int "-D__WINT_TYPE__=unsigned int" "-D__INTMAX_TYPE__=long int" "-D__UINTMAX_TYPE__=long unsigned int" -D__GLIBCXX_TYPE_INT_N_0=__int128 -D__GLIBCXX_BITSIZE_INT_N_0=128 -D__LONG_MAX__=9223372036854775807L -D__QMSPP_ -D__OPTIMIZE__ -D__NO_MATH_INLINES -D__NO_STRING_INLINES -D__GNUC_GNU_INLINE__ -D__GNUG__=5 -D__GNUC__=5 -D__GNUC_MINOR__=2 -D__GNUC_PATCHLEVEL__=0 -D__LP64__ -D_LP64 -D_GNU_SOURCE=1 -D__DEPRECATED=1 -D__GXX_WEAK__=1 -D__GXX_ABI_VERSION=1009 "-D__USER_LABEL_PREFIX__= " -D__REGISTER_PREFIX__= -D__INTEL_RTTI__ -D__EXCEPTIONS=1 -D__unix__ -D__unix -D__linux__ -D__linux -D__gnu_linux__ -B -Dunix -Dlinux "-_Asystem(unix)" -D__ELF__ -D__x86_64 -D__x86_64__ -D__amd64 -D__amd64__ "-_Acpu(x86_64)" "-_Amachine(x86_64)" -D__INTEL_COMPILER_BUILD_DATE=20171018 -D__INTEL_OFFLOAD -D__i686 -D__i686__ -D__pentiumpro -D__pentiumpro__ -D__pentium4 -D__pentium4__ -D__tune_pentium4__ -D__SSE2__ -D__SSE2_MATH__ -D__SSE__ -D__SSE_MATH__ -D__MMX__ -_k -_8 -_l --has_new_stdarg_support -_a -_b --gnu_version=50200 -_W5 --gcc-extern-inline -p --bool -tused -x --multibyte_chars -mGLOB_diag_suppress_sys --system_preinclude /usr/include/stdc-predef.h --array_section --simd --simd_func --offload_mode=1 --offload_target_names=gfx GFX mic MIC --offload_unique_string=icpc0350728680jTeytO --bool -mGLOB_em64t=TRUE -mP1OPT_version=18.0-intel64 -mGLOB_diag_file=CMakeFiles/cmTC_02fc5.dir/CMakeCXXCompilerABI.cpp.diag -mGLOB_long_size_64 -mGLOB_routine_pointer_size_64 -mP1OPT_print_version=FALSE -mCG_use_gas_got_workaround=F -mP2OPT_align_option_used=TRUE -mGLOB_gcc_version=520 "-mGLOB_options_string=-v -o CMakeFiles/cmTC_02fc5.dir/CMakeCXXCompilerABI.cpp.o -c" -mGLOB_cxx_limited_range=FALSE -mCG_extend_parms=FALSE -mGLOB_compiler_bin_directory=/apps/compilers/intel/2018/1.163/compilers_and_libraries_2018.1.163/linux/bin/intel64 -mGLOB_as_output_backup_file_name=/tmp/icpcyy54zHas_.s -mIPOPT_activate -mIPOPT_lite -mGLOB_instruction_tuning=0x0 -mGLOB_uarch_tuning=0x0 -mGLOB_product_id_code=0x22006d8f -mCG_bnl_movbe=T -mGLOB_extended_instructions=0x8 -mP3OPT_use_mspp_call_convention -mP2OPT_subs_out_of_bound=FALSE -mP2OPT_disam_type_based_disam=2 -mP2OPT_disam_assume_ansi_c -mP2OPT_checked_disam_ansi_alias=TRUE -mGLOB_ansi_alias -mPGOPTI_value_profile_use=T -mP2OPT_il0_array_sections=TRUE -mGLOB_offload_mode=1 -mP2OPT_offload_unique_var_string=icpc0350728680jTeytO -mP2OPT_hlo_level=2 -mP2OPT_hlo -mP2OPT_hpo_rtt_control=0 -mIPOPT_args_in_regs=0 -mP2OPT_disam_assume_nonstd_intent_in=FALSE -mGLOB_imf_mapping_library=/apps/compilers/intel/2018/1.163/compilers_and_libraries_2018.1.163/linux/bin/intel64/libiml_attr.so -mPGOPTI_gen_threadsafe_level=0 -mIPOPT_lto_object_enabled -mIPOPT_lto_object_value=1 -mIPOPT_obj_output_file_name=CMakeFiles/cmTC_02fc5.dir/CMakeCXXCompilerABI.cpp.o -mIPOPT_whole_archive_fixup_file_name=/tmp/icpcwarchk2b4E7 -mGLOB_linker_version=2.27 -mGLOB_driver_tempfile_name=/tmp/icpctempfileYG2EHk -mP3OPT_asm_target=P3OPT_ASM_TARGET_GAS -mGLOB_async_unwind_tables=TRUE -mGLOB_obj_output_file=CMakeFiles/cmTC_02fc5.dir/CMakeCXXCompilerABI.cpp.o -mGLOB_source_dialect=GLOB_SOURCE_DIALECT_C_PLUS_PLUS -mP1OPT_source_file_name=/apps/cmake/3.19.1/share/cmake-3.19/Modules/CMakeCXXCompilerABI.cpp -mP1OPT_full_source_file_name=/apps/cmake/3.19.1/share/cmake-3.19/Modules/CMakeCXXCompilerABI.cpp -mGLOB_eh_linux /apps/cmake/3.19.1/share/cmake-3.19/Modules/CMakeCXXCompilerABI.cpp]
  ignore line: [#include "..." search starts here:]
  ignore line: [#include <...> search starts here:]
  ignore line: [ /apps/compilers/intel/2018/1.163/mkl/include]
  ignore line: [ /apps/compilers/intel/2018/1.163/tbb/include]
  ignore line: [ /apps/compilers/intel/2018/1.163/compilers_and_libraries_2018.1.163/linux/compiler/include/intel64]
  ignore line: [ /apps/compilers/intel/2018/1.163/compilers_and_libraries_2018.1.163/linux/compiler/include/icc]
  ignore line: [ /apps/compilers/intel/2018/1.163/compilers_and_libraries_2018.1.163/linux/compiler/include]
  ignore line: [ /apps/compilers/gcc/5.2.0/include/c++/5.2.0]
  ignore line: [ /apps/compilers/gcc/5.2.0/include/c++/5.2.0/x86_64-redhat-linux-gnu]
  ignore line: [ /apps/compilers/gcc/5.2.0/include/c++/5.2.0/backward]
  ignore line: [ /usr/local/include]
  ignore line: [ /apps/compilers/gcc/5.2.0/lib/gcc/x86_64-redhat-linux-gnu/5.2.0/include]
  ignore line: [ /apps/compilers/gcc/5.2.0/lib/gcc/x86_64-redhat-linux-gnu/5.2.0/include-fixed]
  ignore line: [ /apps/compilers/gcc/5.2.0/include/]
  ignore line: [ /usr/include]
  ignore line: [End of search list.]
  ignore line: [Linking CXX executable cmTC_02fc5]
  ignore line: [/apps/cmake/3.19.1/bin/cmake -E cmake_link_script CMakeFiles/cmTC_02fc5.dir/link.txt --verbose=1]
  ignore line: [/apps/compilers/intel/2018/1.163/compilers_and_libraries/linux/bin/intel64/icpc  -v CMakeFiles/cmTC_02fc5.dir/CMakeCXXCompilerABI.cpp.o -o cmTC_02fc5 ]
  ignore line: [icpc version 18.0.1 (gcc version 5.2.0 compatibility)]
  ignore line: [/apps/compilers/intel/2018/1.163/compilers_and_libraries_2018.1.163/linux/bin/intel64/mcpcom    -mGLOB_em64t=TRUE -mP1OPT_version=18.0-intel64 -mGLOB_diag_file=CMakeFiles/cmTC_02fc5.dir/CMakeCXXCompilerABI.cpp.diag -mGLOB_long_size_64 -mGLOB_routine_pointer_size_64 -mP1OPT_print_version=FALSE -mCG_use_gas_got_workaround=F -mP2OPT_align_option_used=TRUE -mGLOB_gcc_version=520 "-mGLOB_options_string=-v -o cmTC_02fc5" -mGLOB_cxx_limited_range=FALSE -mCG_extend_parms=FALSE -mGLOB_compiler_bin_directory=/apps/compilers/intel/2018/1.163/compilers_and_libraries_2018.1.163/linux/bin/intel64 -mGLOB_as_output_backup_file_name=/tmp/icpc2VY4eoas_.s -mGLOB_dashboard_use_source_name -mIPOPT_activate -mGLOB_product_id_code=0x22006d8f -mP3OPT_use_mspp_call_convention -mP2OPT_subs_out_of_bound=FALSE -mP2OPT_disam_type_based_disam=2 -mP2OPT_disam_assume_ansi_c -mP2OPT_checked_disam_ansi_alias=TRUE -mGLOB_ansi_alias -mPGOPTI_value_profile_use=T -mGLOB_opt_report_use_source_name -mP2OPT_il0_array_sections=TRUE -mGLOB_offload_mode=1 -mP2OPT_offload_unique_var_string=icpc0634978647TCQ0DP -mP2OPT_hlo -mP2OPT_hpo_rtt_control=0 -mIPOPT_args_in_regs=0 -mP2OPT_disam_assume_nonstd_intent_in=FALSE -mGLOB_imf_mapping_library=/apps/compilers/intel/2018/1.163/compilers_and_libraries_2018.1.163/linux/bin/intel64/libiml_attr.so -mPGOPTI_gen_threadsafe_level=0 -mIPOPT_link -mIPOPT_ipo_activate -mIPOPT_mo_activate -mIPOPT_source_files_list=/tmp/icpcslisad1crK -mIPOPT_mo_global_data -mIPOPT_link_script_file=/tmp/icpcscript3hMEHX "-mIPOPT_cmdline_link="/lib/../lib64/crt1.o" "/lib/../lib64/crti.o" "/apps/compilers/gcc/5.2.0/lib/gcc/x86_64-redhat-linux-gnu/5.2.0/crtbegin.o" "--eh-frame-hdr" "--build-id" "-dynamic-linker" "/lib64/ld-linux-x86-64.so.2" "-m" "elf_x86_64" "-o" "cmTC_02fc5" "-L/apps/compilers/intel/2018/1.163/compilers_and_libraries/linux/lib/intel64" "-L/apps/compilers/intel/2018/1.163/mkl/lib/intel64" "-L/apps/compilers/intel/2018/1.163/ipp/lib/intel64" "-L/apps/compilers/intel/2018/1.163/tbb/lib/intel64/gcc4.4" "-L/apps/compilers/intel/2018/1.163/compilers_and_libraries_2018.1.163/linux/compiler/lib/intel64_lin" "-L/apps/compilers/gcc/5.2.0/lib/gcc/x86_64-redhat-linux-gnu/5.2.0/" "-L/apps/compilers/gcc/5.2.0/lib/gcc/x86_64-redhat-linux-gnu/5.2.0/../../../../lib64" "-L/apps/compilers/gcc/5.2.0/lib/gcc/x86_64-redhat-linux-gnu/5.2.0/../../../../lib64/" "-L/lib/../lib64" "-L/lib/../lib64/" "-L/usr/lib/../lib64" "-L/usr/lib/../lib64/" "-L/apps/compilers/intel/2018/1.163/compilers_and_libraries/linux/lib/intel64/" "-L/apps/compilers/intel/2018/1.163/mkl/lib/intel64/" "-L/apps/compilers/intel/2018/1.163/ipp/lib/intel64/" "-L/apps/compilers/intel/2018/1.163/tbb/lib/intel64/gcc4.4/" "-L/apps/compilers/gcc/5.2.0/lib/gcc/x86_64-redhat-linux-gnu/5.2.0/../../../" "-L/lib64" "-L/lib/" "-L/usr/lib64" "-L/usr/lib" "CMakeFiles/cmTC_02fc5.dir/CMakeCXXCompilerABI.cpp.o" "-Bdynamic" "-Bstatic" "-limf" "-lsvml" "-lirng" "-Bdynamic" "-lstdc++" "-lm" "-Bstatic" "-lipgo" "-ldecimal" "--as-needed" "-Bdynamic" "-lcilkrts" "--no-as-needed" "-lstdc++" "-lgcc" "-lgcc_s" "-Bstatic" "-lirc" "-lsvml" "-Bdynamic" "-lc" "-lgcc" "-lgcc_s" "-Bstatic" "-lirc_s" "-Bdynamic" "-ldl" "-lc" "/apps/compilers/gcc/5.2.0/lib/gcc/x86_64-redhat-linux-gnu/5.2.0/crtend.o" "/lib/../lib64/crtn.o"" -mIPOPT_il_in_obj -mIPOPT_ipo_activate_warn=FALSE -mIPOPT_obj_output_file_name=/tmp/ipo_icpcWYnzQs.o -mIPOPT_whole_archive_fixup_file_name=/tmp/icpcwarchxT0f51 -mGLOB_linker_version=2.27 -mGLOB_driver_tempfile_name=/tmp/icpctempfileAJvfnf -mP3OPT_asm_target=P3OPT_ASM_TARGET_GAS -mGLOB_async_unwind_tables=TRUE -mGLOB_obj_output_file=/tmp/ipo_icpcWYnzQs.o -mGLOB_source_dialect=GLOB_SOURCE_DIALECT_NONE -mP1OPT_source_file_name=ipo_out.c CMakeFiles/cmTC_02fc5.dir/CMakeCXXCompilerABI.cpp.o -mIPOPT_object_files=T -mIPOPT_assembly_files=/tmp/icpcalis4JkrnT -mIPOPT_generated_tempfiles=/tmp/icpcelisJPxSD6 -mIPOPT_embedded_object_base_name=/tmp/icpceobj2VTjUj -mIPOPT_cmdline_link_new_name=/tmp/icpcllisdUoLax]
  link line: [ld    /lib/../lib64/crt1.o /lib/../lib64/crti.o /apps/compilers/gcc/5.2.0/lib/gcc/x86_64-redhat-linux-gnu/5.2.0/crtbegin.o --eh-frame-hdr --build-id -dynamic-linker /lib64/ld-linux-x86-64.so.2 -m elf_x86_64 -o cmTC_02fc5 -L/apps/compilers/intel/2018/1.163/compilers_and_libraries/linux/lib/intel64 -L/apps/compilers/intel/2018/1.163/mkl/lib/intel64 -L/apps/compilers/intel/2018/1.163/ipp/lib/intel64 -L/apps/compilers/intel/2018/1.163/tbb/lib/intel64/gcc4.4 -L/apps/compilers/intel/2018/1.163/compilers_and_libraries_2018.1.163/linux/compiler/lib/intel64_lin -L/apps/compilers/gcc/5.2.0/lib/gcc/x86_64-redhat-linux-gnu/5.2.0/ -L/apps/compilers/gcc/5.2.0/lib/gcc/x86_64-redhat-linux-gnu/5.2.0/../../../../lib64 -L/apps/compilers/gcc/5.2.0/lib/gcc/x86_64-redhat-linux-gnu/5.2.0/../../../../lib64/ -L/lib/../lib64 -L/lib/../lib64/ -L/usr/lib/../lib64 -L/usr/lib/../lib64/ -L/apps/compilers/intel/2018/1.163/compilers_and_libraries/linux/lib/intel64/ -L/apps/compilers/intel/2018/1.163/mkl/lib/intel64/ -L/apps/compilers/intel/2018/1.163/ipp/lib/intel64/ -L/apps/compilers/intel/2018/1.163/tbb/lib/intel64/gcc4.4/ -L/apps/compilers/gcc/5.2.0/lib/gcc/x86_64-redhat-linux-gnu/5.2.0/../../../ -L/lib64 -L/lib/ -L/usr/lib64 -L/usr/lib CMakeFiles/cmTC_02fc5.dir/CMakeCXXCompilerABI.cpp.o -Bdynamic -Bstatic -limf -lsvml -lirng -Bdynamic -lstdc++ -lm -Bstatic -lipgo -ldecimal --as-needed -Bdynamic -lcilkrts --no-as-needed -lstdc++ -lgcc -lgcc_s -Bstatic -lirc -lsvml -Bdynamic -lc -lgcc -lgcc_s -Bstatic -lirc_s -Bdynamic -ldl -lc /apps/compilers/gcc/5.2.0/lib/gcc/x86_64-redhat-linux-gnu/5.2.0/crtend.o /lib/../lib64/crtn.o]
    arg [ld] ==> ignore
    arg [/lib/../lib64/crt1.o] ==> ignore
    arg [/lib/../lib64/crti.o] ==> ignore
    arg [/apps/compilers/gcc/5.2.0/lib/gcc/x86_64-redhat-linux-gnu/5.2.0/crtbegin.o] ==> ignore
    arg [--eh-frame-hdr] ==> ignore
    arg [--build-id] ==> ignore
    arg [-dynamic-linker] ==> ignore
    arg [/lib64/ld-linux-x86-64.so.2] ==> ignore
    arg [-m] ==> ignore
    arg [elf_x86_64] ==> ignore
    arg [-o] ==> ignore
    arg [cmTC_02fc5] ==> ignore
    arg [-L/apps/compilers/intel/2018/1.163/compilers_and_libraries/linux/lib/intel64] ==> dir [/apps/compilers/intel/2018/1.163/compilers_and_libraries/linux/lib/intel64]
    arg [-L/apps/compilers/intel/2018/1.163/mkl/lib/intel64] ==> dir [/apps/compilers/intel/2018/1.163/mkl/lib/intel64]
    arg [-L/apps/compilers/intel/2018/1.163/ipp/lib/intel64] ==> dir [/apps/compilers/intel/2018/1.163/ipp/lib/intel64]
    arg [-L/apps/compilers/intel/2018/1.163/tbb/lib/intel64/gcc4.4] ==> dir [/apps/compilers/intel/2018/1.163/tbb/lib/intel64/gcc4.4]
    arg [-L/apps/compilers/intel/2018/1.163/compilers_and_libraries_2018.1.163/linux/compiler/lib/intel64_lin] ==> dir [/apps/compilers/intel/2018/1.163/compilers_and_libraries_2018.1.163/linux/compiler/lib/intel64_lin]
    arg [-L/apps/compilers/gcc/5.2.0/lib/gcc/x86_64-redhat-linux-gnu/5.2.0/] ==> dir [/apps/compilers/gcc/5.2.0/lib/gcc/x86_64-redhat-linux-gnu/5.2.0/]
    arg [-L/apps/compilers/gcc/5.2.0/lib/gcc/x86_64-redhat-linux-gnu/5.2.0/../../../../lib64] ==> dir [/apps/compilers/gcc/5.2.0/lib/gcc/x86_64-redhat-linux-gnu/5.2.0/../../../../lib64]
    arg [-L/apps/compilers/gcc/5.2.0/lib/gcc/x86_64-redhat-linux-gnu/5.2.0/../../../../lib64/] ==> dir [/apps/compilers/gcc/5.2.0/lib/gcc/x86_64-redhat-linux-gnu/5.2.0/../../../../lib64/]
    arg [-L/lib/../lib64] ==> dir [/lib/../lib64]
    arg [-L/lib/../lib64/] ==> dir [/lib/../lib64/]
    arg [-L/usr/lib/../lib64] ==> dir [/usr/lib/../lib64]
    arg [-L/usr/lib/../lib64/] ==> dir [/usr/lib/../lib64/]
    arg [-L/apps/compilers/intel/2018/1.163/compilers_and_libraries/linux/lib/intel64/] ==> dir [/apps/compilers/intel/2018/1.163/compilers_and_libraries/linux/lib/intel64/]
    arg [-L/apps/compilers/intel/2018/1.163/mkl/lib/intel64/] ==> dir [/apps/compilers/intel/2018/1.163/mkl/lib/intel64/]
    arg [-L/apps/compilers/intel/2018/1.163/ipp/lib/intel64/] ==> dir [/apps/compilers/intel/2018/1.163/ipp/lib/intel64/]
    arg [-L/apps/compilers/intel/2018/1.163/tbb/lib/intel64/gcc4.4/] ==> dir [/apps/compilers/intel/2018/1.163/tbb/lib/intel64/gcc4.4/]
    arg [-L/apps/compilers/gcc/5.2.0/lib/gcc/x86_64-redhat-linux-gnu/5.2.0/../../../] ==> dir [/apps/compilers/gcc/5.2.0/lib/gcc/x86_64-redhat-linux-gnu/5.2.0/../../../]
    arg [-L/lib64] ==> dir [/lib64]
    arg [-L/lib/] ==> dir [/lib/]
    arg [-L/usr/lib64] ==> dir [/usr/lib64]
    arg [-L/usr/lib] ==> dir [/usr/lib]
    arg [CMakeFiles/cmTC_02fc5.dir/CMakeCXXCompilerABI.cpp.o] ==> ignore
    arg [-Bdynamic] ==> ignore
    arg [-Bstatic] ==> ignore
    arg [-limf] ==> lib [imf]
    arg [-lsvml] ==> lib [svml]
    arg [-lirng] ==> lib [irng]
    arg [-Bdynamic] ==> ignore
    arg [-lstdc++] ==> lib [stdc++]
    arg [-lm] ==> lib [m]
    arg [-Bstatic] ==> ignore
    arg [-lipgo] ==> lib [ipgo]
    arg [-ldecimal] ==> lib [decimal]
    arg [--as-needed] ==> ignore
    arg [-Bdynamic] ==> ignore
    arg [-lcilkrts] ==> lib [cilkrts]
    arg [--no-as-needed] ==> ignore
    arg [-lstdc++] ==> lib [stdc++]
    arg [-lgcc] ==> lib [gcc]
    arg [-lgcc_s] ==> lib [gcc_s]
    arg [-Bstatic] ==> ignore
    arg [-lirc] ==> lib [irc]
    arg [-lsvml] ==> lib [svml]
    arg [-Bdynamic] ==> ignore
    arg [-lc] ==> lib [c]
    arg [-lgcc] ==> lib [gcc]
    arg [-lgcc_s] ==> lib [gcc_s]
    arg [-Bstatic] ==> ignore
    arg [-lirc_s] ==> lib [irc_s]
    arg [-Bdynamic] ==> ignore
    arg [-ldl] ==> lib [dl]
    arg [-lc] ==> lib [c]
    arg [/apps/compilers/gcc/5.2.0/lib/gcc/x86_64-redhat-linux-gnu/5.2.0/crtend.o] ==> ignore
    arg [/lib/../lib64/crtn.o] ==> ignore
  collapse library dir [/apps/compilers/intel/2018/1.163/compilers_and_libraries/linux/lib/intel64] ==> [/apps/compilers/intel/2018/1.163/compilers_and_libraries/linux/lib/intel64]
  collapse library dir [/apps/compilers/intel/2018/1.163/mkl/lib/intel64] ==> [/apps/compilers/intel/2018/1.163/mkl/lib/intel64]
  collapse library dir [/apps/compilers/intel/2018/1.163/ipp/lib/intel64] ==> [/apps/compilers/intel/2018/1.163/ipp/lib/intel64]
  collapse library dir [/apps/compilers/intel/2018/1.163/tbb/lib/intel64/gcc4.4] ==> [/apps/compilers/intel/2018/1.163/tbb/lib/intel64/gcc4.4]
  collapse library dir [/apps/compilers/intel/2018/1.163/compilers_and_libraries_2018.1.163/linux/compiler/lib/intel64_lin] ==> [/apps/compilers/intel/2018/1.163/compilers_and_libraries_2018.1.163/linux/compiler/lib/intel64_lin]
  collapse library dir [/apps/compilers/gcc/5.2.0/lib/gcc/x86_64-redhat-linux-gnu/5.2.0/] ==> [/apps/compilers/gcc/5.2.0/lib/gcc/x86_64-redhat-linux-gnu/5.2.0]
  collapse library dir [/apps/compilers/gcc/5.2.0/lib/gcc/x86_64-redhat-linux-gnu/5.2.0/../../../../lib64] ==> [/apps/compilers/gcc/5.2.0/lib64]
  collapse library dir [/apps/compilers/gcc/5.2.0/lib/gcc/x86_64-redhat-linux-gnu/5.2.0/../../../../lib64/] ==> [/apps/compilers/gcc/5.2.0/lib64]
  collapse library dir [/lib/../lib64] ==> [/lib64]
  collapse library dir [/lib/../lib64/] ==> [/lib64]
  collapse library dir [/usr/lib/../lib64] ==> [/usr/lib64]
  collapse library dir [/usr/lib/../lib64/] ==> [/usr/lib64]
  collapse library dir [/apps/compilers/intel/2018/1.163/compilers_and_libraries/linux/lib/intel64/] ==> [/apps/compilers/intel/2018/1.163/compilers_and_libraries/linux/lib/intel64]
  collapse library dir [/apps/compilers/intel/2018/1.163/mkl/lib/intel64/] ==> [/apps/compilers/intel/2018/1.163/mkl/lib/intel64]
  collapse library dir [/apps/compilers/intel/2018/1.163/ipp/lib/intel64/] ==> [/apps/compilers/intel/2018/1.163/ipp/lib/intel64]
  collapse library dir [/apps/compilers/intel/2018/1.163/tbb/lib/intel64/gcc4.4/] ==> [/apps/compilers/intel/2018/1.163/tbb/lib/intel64/gcc4.4]
  collapse library dir [/apps/compilers/gcc/5.2.0/lib/gcc/x86_64-redhat-linux-gnu/5.2.0/../../../] ==> [/apps/compilers/gcc/5.2.0/lib]
  collapse library dir [/lib64] ==> [/lib64]
  collapse library dir [/lib/] ==> [/lib]
  collapse library dir [/usr/lib64] ==> [/usr/lib64]
  collapse library dir [/usr/lib] ==> [/usr/lib]
  implicit libs: [imf;svml;irng;stdc++;m;ipgo;decimal;cilkrts;stdc++;gcc;gcc_s;irc;svml;c;gcc;gcc_s;irc_s;dl;c]
  implicit dirs: [/apps/compilers/intel/2018/1.163/compilers_and_libraries/linux/lib/intel64;/apps/compilers/intel/2018/1.163/mkl/lib/intel64;/apps/compilers/intel/2018/1.163/ipp/lib/intel64;/apps/compilers/intel/2018/1.163/tbb/lib/intel64/gcc4.4;/apps/compilers/intel/2018/1.163/compilers_and_libraries_2018.1.163/linux/compiler/lib/intel64_lin;/apps/compilers/gcc/5.2.0/lib/gcc/x86_64-redhat-linux-gnu/5.2.0;/apps/compilers/gcc/5.2.0/lib64;/lib64;/usr/lib64;/apps/compilers/gcc/5.2.0/lib;/lib;/usr/lib]
  implicit fwks: []


Detecting CUDA compiler ABI info compiled with the following output:
Change Dir: /blue/cis4936/jacobroberge/share/Flocking_Cuda/build/CMakeFiles/CMakeTmp

Run Build Command(s):/usr/bin/gmake cmTC_a002e/fast && /usr/bin/gmake  -f CMakeFiles/cmTC_a002e.dir/build.make CMakeFiles/cmTC_a002e.dir/build
gmake[1]: Entering directory `/blue/cis4936/jacobroberge/share/Flocking_Cuda/build/CMakeFiles/CMakeTmp'
Building CUDA object CMakeFiles/cmTC_a002e.dir/CMakeCUDACompilerABI.cu.o
/apps/compilers/cuda/10.0.130/bin/nvcc    --generate-code=arch=compute_30,code=[compute_30,sm_30]   -Xcompiler=-v -x cu -c /apps/cmake/3.19.1/share/cmake-3.19/Modules/CMakeCUDACompilerABI.cu -o CMakeFiles/cmTC_a002e.dir/CMakeCUDACompilerABI.cu.o
Using built-in specs.
COLLECT_GCC=gcc
Target: x86_64-redhat-linux-gnu
Configured with: ../configure --prefix=/apps/compilers/gcc/5.2.0 --disable-multilib --enable-languages=c,c++,fortran --enable-libstdcxx-threads --enable-shared --host x86_64-redhat-linux-gnu --build x86_64-redhat-linux-gnu
Thread model: posix
gcc version 5.2.0 (GCC) 
COLLECT_GCC_OPTIONS='-D' '__CUDA_ARCH__=300' '-E' '-D' 'CUDA_DOUBLE_MATH_FUNCTIONS' '-D' '__CUDACC__' '-D' '__NVCC__' '-v' '-I' '/apps/compilers/cuda/10.0.130/bin/../targets/x86_64-linux/include' '-D' '__CUDACC_VER_MAJOR__=10' '-D' '__CUDACC_VER_MINOR__=0' '-D' '__CUDACC_VER_BUILD__=130' '-include' 'cuda_runtime.h' '-m64' '-mtune=generic' '-march=x86-64'
 /apps/compilers/gcc/5.2.0/libexec/gcc/x86_64-redhat-linux-gnu/5.2.0/cc1plus -E -quiet -v -I /apps/compilers/cuda/10.0.130/bin/../targets/x86_64-linux/include -D_GNU_SOURCE -D __CUDA_ARCH__=300 -D CUDA_DOUBLE_MATH_FUNCTIONS -D __CUDACC__ -D __NVCC__ -D __CUDACC_VER_MAJOR__=10 -D __CUDACC_VER_MINOR__=0 -D __CUDACC_VER_BUILD__=130 -include cuda_runtime.h /apps/cmake/3.19.1/share/cmake-3.19/Modules/CMakeCUDACompilerABI.cu -m64 -mtune=generic -march=x86-64
ignoring nonexistent directory "/apps/compilers/gcc/5.2.0/lib/gcc/x86_64-redhat-linux-gnu/5.2.0/../../../../x86_64-redhat-linux-gnu/include"
#include "..." search starts here:
#include <...> search starts here:
 /apps/compilers/cuda/10.0.130/bin/../targets/x86_64-linux/include
 /apps/compilers/intel/2018/1.163/mkl/include
 /apps/compilers/intel/2018/1.163/tbb/include
 /apps/compilers/gcc/5.2.0/lib/gcc/x86_64-redhat-linux-gnu/5.2.0/../../../../include/c++/5.2.0
 /apps/compilers/gcc/5.2.0/lib/gcc/x86_64-redhat-linux-gnu/5.2.0/../../../../include/c++/5.2.0/x86_64-redhat-linux-gnu
 /apps/compilers/gcc/5.2.0/lib/gcc/x86_64-redhat-linux-gnu/5.2.0/../../../../include/c++/5.2.0/backward
 /apps/compilers/gcc/5.2.0/lib/gcc/x86_64-redhat-linux-gnu/5.2.0/include
 /usr/local/include
 /apps/compilers/gcc/5.2.0/include
 /apps/compilers/gcc/5.2.0/lib/gcc/x86_64-redhat-linux-gnu/5.2.0/include-fixed
 /usr/include
End of search list.
COMPILER_PATH=/apps/compilers/gcc/5.2.0/libexec/gcc/x86_64-redhat-linux-gnu/5.2.0/:/apps/compilers/gcc/5.2.0/libexec/gcc/x86_64-redhat-linux-gnu/5.2.0/:/apps/compilers/gcc/5.2.0/libexec/gcc/x86_64-redhat-linux-gnu/:/apps/compilers/gcc/5.2.0/lib/gcc/x86_64-redhat-linux-gnu/5.2.0/:/apps/compilers/gcc/5.2.0/lib/gcc/x86_64-redhat-linux-gnu/
LIBRARY_PATH=/apps/compilers/gcc/5.2.0/lib/gcc/x86_64-redhat-linux-gnu/5.2.0/:/apps/compilers/gcc/5.2.0/lib/gcc/x86_64-redhat-linux-gnu/5.2.0/../../../../lib64/:/lib/../lib64/:/usr/lib/../lib64/:/apps/compilers/intel/2018/1.163/compilers_and_libraries/linux/lib/intel64/:/apps/compilers/intel/2018/1.163/mkl/lib/intel64/:/apps/compilers/intel/2018/1.163/ipp/lib/intel64/:/apps/compilers/intel/2018/1.163/tbb/lib/intel64/gcc4.4/:/apps/compilers/gcc/5.2.0/lib/gcc/x86_64-redhat-linux-gnu/5.2.0/../../../:/lib/:/usr/lib/
COLLECT_GCC_OPTIONS='-D' '__CUDA_ARCH__=300' '-E' '-D' 'CUDA_DOUBLE_MATH_FUNCTIONS' '-D' '__CUDACC__' '-D' '__NVCC__' '-v' '-I' '/apps/compilers/cuda/10.0.130/bin/../targets/x86_64-linux/include' '-D' '__CUDACC_VER_MAJOR__=10' '-D' '__CUDACC_VER_MINOR__=0' '-D' '__CUDACC_VER_BUILD__=130' '-include' 'cuda_runtime.h' '-m64' '-mtune=generic' '-march=x86-64'
Using built-in specs.
COLLECT_GCC=gcc
Target: x86_64-redhat-linux-gnu
Configured with: ../configure --prefix=/apps/compilers/gcc/5.2.0 --disable-multilib --enable-languages=c,c++,fortran --enable-libstdcxx-threads --enable-shared --host x86_64-redhat-linux-gnu --build x86_64-redhat-linux-gnu
Thread model: posix
gcc version 5.2.0 (GCC) 
COLLECT_GCC_OPTIONS='-E' '-D' '__CUDACC__' '-D' '__NVCC__' '-v' '-I' '/apps/compilers/cuda/10.0.130/bin/../targets/x86_64-linux/include' '-D' '__CUDACC_VER_MAJOR__=10' '-D' '__CUDACC_VER_MINOR__=0' '-D' '__CUDACC_VER_BUILD__=130' '-include' 'cuda_runtime.h' '-m64' '-mtune=generic' '-march=x86-64'
 /apps/compilers/gcc/5.2.0/libexec/gcc/x86_64-redhat-linux-gnu/5.2.0/cc1plus -E -quiet -v -I /apps/compilers/cuda/10.0.130/bin/../targets/x86_64-linux/include -D_GNU_SOURCE -D __CUDACC__ -D __NVCC__ -D __CUDACC_VER_MAJOR__=10 -D __CUDACC_VER_MINOR__=0 -D __CUDACC_VER_BUILD__=130 -include cuda_runtime.h /apps/cmake/3.19.1/share/cmake-3.19/Modules/CMakeCUDACompilerABI.cu -m64 -mtune=generic -march=x86-64
ignoring nonexistent directory "/apps/compilers/gcc/5.2.0/lib/gcc/x86_64-redhat-linux-gnu/5.2.0/../../../../x86_64-redhat-linux-gnu/include"
#include "..." search starts here:
#include <...> search starts here:
 /apps/compilers/cuda/10.0.130/bin/../targets/x86_64-linux/include
 /apps/compilers/intel/2018/1.163/mkl/include
 /apps/compilers/intel/2018/1.163/tbb/include
 /apps/compilers/gcc/5.2.0/lib/gcc/x86_64-redhat-linux-gnu/5.2.0/../../../../include/c++/5.2.0
 /apps/compilers/gcc/5.2.0/lib/gcc/x86_64-redhat-linux-gnu/5.2.0/../../../../include/c++/5.2.0/x86_64-redhat-linux-gnu
 /apps/compilers/gcc/5.2.0/lib/gcc/x86_64-redhat-linux-gnu/5.2.0/../../../../include/c++/5.2.0/backward
 /apps/compilers/gcc/5.2.0/lib/gcc/x86_64-redhat-linux-gnu/5.2.0/include
 /usr/local/include
 /apps/compilers/gcc/5.2.0/include
 /apps/compilers/gcc/5.2.0/lib/gcc/x86_64-redhat-linux-gnu/5.2.0/include-fixed
 /usr/include
End of search list.
COMPILER_PATH=/apps/compilers/gcc/5.2.0/libexec/gcc/x86_64-redhat-linux-gnu/5.2.0/:/apps/compilers/gcc/5.2.0/libexec/gcc/x86_64-redhat-linux-gnu/5.2.0/:/apps/compilers/gcc/5.2.0/libexec/gcc/x86_64-redhat-linux-gnu/:/apps/compilers/gcc/5.2.0/lib/gcc/x86_64-redhat-linux-gnu/5.2.0/:/apps/compilers/gcc/5.2.0/lib/gcc/x86_64-redhat-linux-gnu/
LIBRARY_PATH=/apps/compilers/gcc/5.2.0/lib/gcc/x86_64-redhat-linux-gnu/5.2.0/:/apps/compilers/gcc/5.2.0/lib/gcc/x86_64-redhat-linux-gnu/5.2.0/../../../../lib64/:/lib/../lib64/:/usr/lib/../lib64/:/apps/compilers/intel/2018/1.163/compilers_and_libraries/linux/lib/intel64/:/apps/compilers/intel/2018/1.163/mkl/lib/intel64/:/apps/compilers/intel/2018/1.163/ipp/lib/intel64/:/apps/compilers/intel/2018/1.163/tbb/lib/intel64/gcc4.4/:/apps/compilers/gcc/5.2.0/lib/gcc/x86_64-redhat-linux-gnu/5.2.0/../../../:/lib/:/usr/lib/
COLLECT_GCC_OPTIONS='-E' '-D' '__CUDACC__' '-D' '__NVCC__' '-v' '-I' '/apps/compilers/cuda/10.0.130/bin/../targets/x86_64-linux/include' '-D' '__CUDACC_VER_MAJOR__=10' '-D' '__CUDACC_VER_MINOR__=0' '-D' '__CUDACC_VER_BUILD__=130' '-include' 'cuda_runtime.h' '-m64' '-mtune=generic' '-march=x86-64'
Using built-in specs.
COLLECT_GCC=gcc
Target: x86_64-redhat-linux-gnu
Configured with: ../configure --prefix=/apps/compilers/gcc/5.2.0 --disable-multilib --enable-languages=c,c++,fortran --enable-libstdcxx-threads --enable-shared --host x86_64-redhat-linux-gnu --build x86_64-redhat-linux-gnu
Thread model: posix
gcc version 5.2.0 (GCC) 
COLLECT_GCC_OPTIONS='-D' '__CUDA_ARCH__=300' '-c' '-D' 'CUDA_DOUBLE_MATH_FUNCTIONS' '-v' '-I' '/apps/compilers/cuda/10.0.130/bin/../targets/x86_64-linux/include' '-m64' '-o' 'CMakeFiles/cmTC_a002e.dir/CMakeCUDACompilerABI.cu.o' '-mtune=generic' '-march=x86-64'
 /apps/compilers/gcc/5.2.0/libexec/gcc/x86_64-redhat-linux-gnu/5.2.0/cc1plus -quiet -v -I /apps/compilers/cuda/10.0.130/bin/../targets/x86_64-linux/include -D_GNU_SOURCE -D __CUDA_ARCH__=300 -D CUDA_DOUBLE_MATH_FUNCTIONS /tmp/tmpxft_000032a0_00000000-5_CMakeCUDACompilerABI.cudafe1.cpp -quiet -dumpbase tmpxft_000032a0_00000000-5_CMakeCUDACompilerABI.cudafe1.cpp -m64 -mtune=generic -march=x86-64 -auxbase-strip CMakeFiles/cmTC_a002e.dir/CMakeCUDACompilerABI.cu.o -version -o /tmp/ccuwp9le.s
GNU C++ (GCC) version 5.2.0 (x86_64-redhat-linux-gnu)
	compiled by GNU C version 5.2.0, GMP version 6.0.0, MPFR version 3.1.4, MPC version 1.0.3
GGC heuristics: --param ggc-min-expand=100 --param ggc-min-heapsize=131072
ignoring nonexistent directory "/apps/compilers/gcc/5.2.0/lib/gcc/x86_64-redhat-linux-gnu/5.2.0/../../../../x86_64-redhat-linux-gnu/include"
#include "..." search starts here:
#include <...> search starts here:
 /apps/compilers/cuda/10.0.130/bin/../targets/x86_64-linux/include
 /apps/compilers/intel/2018/1.163/mkl/include
 /apps/compilers/intel/2018/1.163/tbb/include
 /apps/compilers/gcc/5.2.0/lib/gcc/x86_64-redhat-linux-gnu/5.2.0/../../../../include/c++/5.2.0
 /apps/compilers/gcc/5.2.0/lib/gcc/x86_64-redhat-linux-gnu/5.2.0/../../../../include/c++/5.2.0/x86_64-redhat-linux-gnu
 /apps/compilers/gcc/5.2.0/lib/gcc/x86_64-redhat-linux-gnu/5.2.0/../../../../include/c++/5.2.0/backward
 /apps/compilers/gcc/5.2.0/lib/gcc/x86_64-redhat-linux-gnu/5.2.0/include
 /usr/local/include
 /apps/compilers/gcc/5.2.0/include
 /apps/compilers/gcc/5.2.0/lib/gcc/x86_64-redhat-linux-gnu/5.2.0/include-fixed
 /usr/include
End of search list.
GNU C++ (GCC) version 5.2.0 (x86_64-redhat-linux-gnu)
	compiled by GNU C version 5.2.0, GMP version 6.0.0, MPFR version 3.1.4, MPC version 1.0.3
GGC heuristics: --param ggc-min-expand=100 --param ggc-min-heapsize=131072
Compiler executable checksum: f16dc7fe730fe666612eb58f7f784bea
COLLECT_GCC_OPTIONS='-D' '__CUDA_ARCH__=300' '-c' '-D' 'CUDA_DOUBLE_MATH_FUNCTIONS' '-v' '-I' '/apps/compilers/cuda/10.0.130/bin/../targets/x86_64-linux/include' '-m64' '-o' 'CMakeFiles/cmTC_a002e.dir/CMakeCUDACompilerABI.cu.o' '-mtune=generic' '-march=x86-64'
 as -v -I /apps/compilers/cuda/10.0.130/bin/../targets/x86_64-linux/include --64 -o CMakeFiles/cmTC_a002e.dir/CMakeCUDACompilerABI.cu.o /tmp/ccuwp9le.s
GNU assembler version 2.27 (x86_64-redhat-linux) using BFD version version 2.27-41.base.el7_7.3
COMPILER_PATH=/apps/compilers/gcc/5.2.0/libexec/gcc/x86_64-redhat-linux-gnu/5.2.0/:/apps/compilers/gcc/5.2.0/libexec/gcc/x86_64-redhat-linux-gnu/5.2.0/:/apps/compilers/gcc/5.2.0/libexec/gcc/x86_64-redhat-linux-gnu/:/apps/compilers/gcc/5.2.0/lib/gcc/x86_64-redhat-linux-gnu/5.2.0/:/apps/compilers/gcc/5.2.0/lib/gcc/x86_64-redhat-linux-gnu/
LIBRARY_PATH=/apps/compilers/gcc/5.2.0/lib/gcc/x86_64-redhat-linux-gnu/5.2.0/:/apps/compilers/gcc/5.2.0/lib/gcc/x86_64-redhat-linux-gnu/5.2.0/../../../../lib64/:/lib/../lib64/:/usr/lib/../lib64/:/apps/compilers/intel/2018/1.163/compilers_and_libraries/linux/lib/intel64/:/apps/compilers/intel/2018/1.163/mkl/lib/intel64/:/apps/compilers/intel/2018/1.163/ipp/lib/intel64/:/apps/compilers/intel/2018/1.163/tbb/lib/intel64/gcc4.4/:/apps/compilers/gcc/5.2.0/lib/gcc/x86_64-redhat-linux-gnu/5.2.0/../../../:/lib/:/usr/lib/
COLLECT_GCC_OPTIONS='-D' '__CUDA_ARCH__=300' '-c' '-D' 'CUDA_DOUBLE_MATH_FUNCTIONS' '-v' '-I' '/apps/compilers/cuda/10.0.130/bin/../targets/x86_64-linux/include' '-m64' '-o' 'CMakeFiles/cmTC_a002e.dir/CMakeCUDACompilerABI.cu.o' '-mtune=generic' '-march=x86-64'
Linking CUDA executable cmTC_a002e
/apps/cmake/3.19.1/bin/cmake -E cmake_link_script CMakeFiles/cmTC_a002e.dir/link.txt --verbose=1
/apps/compilers/gcc/5.2.0/bin/g++  -v CMakeFiles/cmTC_a002e.dir/CMakeCUDACompilerABI.cu.o -o cmTC_a002e  -lcudadevrt -lcudart_static -lrt -lpthread -ldl  -L"/apps/compilers/cuda/10.0.130/targets/x86_64-linux/lib/stubs" -L"/apps/compilers/cuda/10.0.130/targets/x86_64-linux/lib"
Using built-in specs.
COLLECT_GCC=/apps/compilers/gcc/5.2.0/bin/g++
COLLECT_LTO_WRAPPER=/apps/compilers/gcc/5.2.0/libexec/gcc/x86_64-redhat-linux-gnu/5.2.0/lto-wrapper
Target: x86_64-redhat-linux-gnu
Configured with: ../configure --prefix=/apps/compilers/gcc/5.2.0 --disable-multilib --enable-languages=c,c++,fortran --enable-libstdcxx-threads --enable-shared --host x86_64-redhat-linux-gnu --build x86_64-redhat-linux-gnu
Thread model: posix
gcc version 5.2.0 (GCC) 
COMPILER_PATH=/apps/compilers/gcc/5.2.0/libexec/gcc/x86_64-redhat-linux-gnu/5.2.0/:/apps/compilers/gcc/5.2.0/libexec/gcc/x86_64-redhat-linux-gnu/5.2.0/:/apps/compilers/gcc/5.2.0/libexec/gcc/x86_64-redhat-linux-gnu/:/apps/compilers/gcc/5.2.0/lib/gcc/x86_64-redhat-linux-gnu/5.2.0/:/apps/compilers/gcc/5.2.0/lib/gcc/x86_64-redhat-linux-gnu/
LIBRARY_PATH=/apps/compilers/gcc/5.2.0/lib/gcc/x86_64-redhat-linux-gnu/5.2.0/:/apps/compilers/gcc/5.2.0/lib/gcc/x86_64-redhat-linux-gnu/5.2.0/../../../../lib64/:/lib/../lib64/:/usr/lib/../lib64/:/apps/compilers/intel/2018/1.163/compilers_and_libraries/linux/lib/intel64/:/apps/compilers/intel/2018/1.163/mkl/lib/intel64/:/apps/compilers/intel/2018/1.163/ipp/lib/intel64/:/apps/compilers/intel/2018/1.163/tbb/lib/intel64/gcc4.4/:/apps/compilers/gcc/5.2.0/lib/gcc/x86_64-redhat-linux-gnu/5.2.0/../../../:/lib/:/usr/lib/
COLLECT_GCC_OPTIONS='-v' '-o' 'cmTC_a002e' '-L/apps/compilers/cuda/10.0.130/targets/x86_64-linux/lib/stubs' '-L/apps/compilers/cuda/10.0.130/targets/x86_64-linux/lib' '-shared-libgcc' '-mtune=generic' '-march=x86-64'
 /apps/compilers/gcc/5.2.0/libexec/gcc/x86_64-redhat-linux-gnu/5.2.0/collect2 --eh-frame-hdr -m elf_x86_64 -dynamic-linker /lib64/ld-linux-x86-64.so.2 -o cmTC_a002e /lib/../lib64/crt1.o /lib/../lib64/crti.o /apps/compilers/gcc/5.2.0/lib/gcc/x86_64-redhat-linux-gnu/5.2.0/crtbegin.o -L/apps/compilers/cuda/10.0.130/targets/x86_64-linux/lib/stubs -L/apps/compilers/cuda/10.0.130/targets/x86_64-linux/lib -L/apps/compilers/gcc/5.2.0/lib/gcc/x86_64-redhat-linux-gnu/5.2.0 -L/apps/compilers/gcc/5.2.0/lib/gcc/x86_64-redhat-linux-gnu/5.2.0/../../../../lib64 -L/lib/../lib64 -L/usr/lib/../lib64 -L/apps/compilers/intel/2018/1.163/compilers_and_libraries/linux/lib/intel64 -L/apps/compilers/intel/2018/1.163/mkl/lib/intel64 -L/apps/compilers/intel/2018/1.163/ipp/lib/intel64 -L/apps/compilers/intel/2018/1.163/tbb/lib/intel64/gcc4.4 -L/apps/compilers/gcc/5.2.0/lib/gcc/x86_64-redhat-linux-gnu/5.2.0/../../.. CMakeFiles/cmTC_a002e.dir/CMakeCUDACompilerABI.cu.o -lcudadevrt -lcudart_static -lrt -lpthread -ldl -lstdc++ -lm -lgcc_s -lgcc -lc -lgcc_s -lgcc /apps/compilers/gcc/5.2.0/lib/gcc/x86_64-redhat-linux-gnu/5.2.0/crtend.o /lib/../lib64/crtn.o
gmake[1]: Leaving directory `/blue/cis4936/jacobroberge/share/Flocking_Cuda/build/CMakeFiles/CMakeTmp'



Parsed CUDA implicit include dir info from above output: rv=done
  found start of include info
  found start of implicit include info
    add: [/apps/compilers/cuda/10.0.130/bin/../targets/x86_64-linux/include]
    add: [/apps/compilers/intel/2018/1.163/mkl/include]
    add: [/apps/compilers/intel/2018/1.163/tbb/include]
    add: [/apps/compilers/gcc/5.2.0/lib/gcc/x86_64-redhat-linux-gnu/5.2.0/../../../../include/c++/5.2.0]
    add: [/apps/compilers/gcc/5.2.0/lib/gcc/x86_64-redhat-linux-gnu/5.2.0/../../../../include/c++/5.2.0/x86_64-redhat-linux-gnu]
    add: [/apps/compilers/gcc/5.2.0/lib/gcc/x86_64-redhat-linux-gnu/5.2.0/../../../../include/c++/5.2.0/backward]
    add: [/apps/compilers/gcc/5.2.0/lib/gcc/x86_64-redhat-linux-gnu/5.2.0/include]
    add: [/usr/local/include]
    add: [/apps/compilers/gcc/5.2.0/include]
    add: [/apps/compilers/gcc/5.2.0/lib/gcc/x86_64-redhat-linux-gnu/5.2.0/include-fixed]
    add: [/usr/include]
  end of search list found
  collapse include dir [/apps/compilers/cuda/10.0.130/bin/../targets/x86_64-linux/include] ==> [/apps/compilers/cuda/10.0.130/targets/x86_64-linux/include]
  collapse include dir [/apps/compilers/intel/2018/1.163/mkl/include] ==> [/apps/compilers/intel/2018/1.163/mkl/include]
  collapse include dir [/apps/compilers/intel/2018/1.163/tbb/include] ==> [/apps/compilers/intel/2018/1.163/tbb/include]
  collapse include dir [/apps/compilers/gcc/5.2.0/lib/gcc/x86_64-redhat-linux-gnu/5.2.0/../../../../include/c++/5.2.0] ==> [/apps/compilers/gcc/5.2.0/include/c++/5.2.0]
  collapse include dir [/apps/compilers/gcc/5.2.0/lib/gcc/x86_64-redhat-linux-gnu/5.2.0/../../../../include/c++/5.2.0/x86_64-redhat-linux-gnu] ==> [/apps/compilers/gcc/5.2.0/include/c++/5.2.0/x86_64-redhat-linux-gnu]
  collapse include dir [/apps/compilers/gcc/5.2.0/lib/gcc/x86_64-redhat-linux-gnu/5.2.0/../../../../include/c++/5.2.0/backward] ==> [/apps/compilers/gcc/5.2.0/include/c++/5.2.0/backward]
  collapse include dir [/apps/compilers/gcc/5.2.0/lib/gcc/x86_64-redhat-linux-gnu/5.2.0/include] ==> [/apps/compilers/gcc/5.2.0/lib/gcc/x86_64-redhat-linux-gnu/5.2.0/include]
  collapse include dir [/usr/local/include] ==> [/usr/local/include]
  collapse include dir [/apps/compilers/gcc/5.2.0/include] ==> [/apps/compilers/gcc/5.2.0/include]
  collapse include dir [/apps/compilers/gcc/5.2.0/lib/gcc/x86_64-redhat-linux-gnu/5.2.0/include-fixed] ==> [/apps/compilers/gcc/5.2.0/lib/gcc/x86_64-redhat-linux-gnu/5.2.0/include-fixed]
  collapse include dir [/usr/include] ==> [/usr/include]
  implicit include dirs: [/apps/compilers/cuda/10.0.130/targets/x86_64-linux/include;/apps/compilers/intel/2018/1.163/mkl/include;/apps/compilers/intel/2018/1.163/tbb/include;/apps/compilers/gcc/5.2.0/include/c++/5.2.0;/apps/compilers/gcc/5.2.0/include/c++/5.2.0/x86_64-redhat-linux-gnu;/apps/compilers/gcc/5.2.0/include/c++/5.2.0/backward;/apps/compilers/gcc/5.2.0/lib/gcc/x86_64-redhat-linux-gnu/5.2.0/include;/usr/local/include;/apps/compilers/gcc/5.2.0/include;/apps/compilers/gcc/5.2.0/lib/gcc/x86_64-redhat-linux-gnu/5.2.0/include-fixed;/usr/include]


Parsed CUDA implicit link information from above output:
  link line regex: [^( *|.*[/\])(ld|CMAKE_LINK_STARTFILE-NOTFOUND|([^/\]+-)?ld|collect2)[^/\]*( |$)]
  ignore line: [Change Dir: /blue/cis4936/jacobroberge/share/Flocking_Cuda/build/CMakeFiles/CMakeTmp]
  ignore line: []
  ignore line: [Run Build Command(s):/usr/bin/gmake cmTC_a002e/fast && /usr/bin/gmake  -f CMakeFiles/cmTC_a002e.dir/build.make CMakeFiles/cmTC_a002e.dir/build]
  ignore line: [gmake[1]: Entering directory `/blue/cis4936/jacobroberge/share/Flocking_Cuda/build/CMakeFiles/CMakeTmp']
  ignore line: [Building CUDA object CMakeFiles/cmTC_a002e.dir/CMakeCUDACompilerABI.cu.o]
  ignore line: [/apps/compilers/cuda/10.0.130/bin/nvcc    --generate-code=arch=compute_30 code=[compute_30 sm_30]   -Xcompiler=-v -x cu -c /apps/cmake/3.19.1/share/cmake-3.19/Modules/CMakeCUDACompilerABI.cu -o CMakeFiles/cmTC_a002e.dir/CMakeCUDACompilerABI.cu.o]
  ignore line: [Using built-in specs.]
  ignore line: [COLLECT_GCC=gcc]
  ignore line: [Target: x86_64-redhat-linux-gnu]
  ignore line: [Configured with: ../configure --prefix=/apps/compilers/gcc/5.2.0 --disable-multilib --enable-languages=c c++ fortran --enable-libstdcxx-threads --enable-shared --host x86_64-redhat-linux-gnu --build x86_64-redhat-linux-gnu]
  ignore line: [Thread model: posix]
  ignore line: [gcc version 5.2.0 (GCC) ]
  ignore line: [COLLECT_GCC_OPTIONS='-D' '__CUDA_ARCH__=300' '-E' '-D' 'CUDA_DOUBLE_MATH_FUNCTIONS' '-D' '__CUDACC__' '-D' '__NVCC__' '-v' '-I' '/apps/compilers/cuda/10.0.130/bin/../targets/x86_64-linux/include' '-D' '__CUDACC_VER_MAJOR__=10' '-D' '__CUDACC_VER_MINOR__=0' '-D' '__CUDACC_VER_BUILD__=130' '-include' 'cuda_runtime.h' '-m64' '-mtune=generic' '-march=x86-64']
  ignore line: [ /apps/compilers/gcc/5.2.0/libexec/gcc/x86_64-redhat-linux-gnu/5.2.0/cc1plus -E -quiet -v -I /apps/compilers/cuda/10.0.130/bin/../targets/x86_64-linux/include -D_GNU_SOURCE -D __CUDA_ARCH__=300 -D CUDA_DOUBLE_MATH_FUNCTIONS -D __CUDACC__ -D __NVCC__ -D __CUDACC_VER_MAJOR__=10 -D __CUDACC_VER_MINOR__=0 -D __CUDACC_VER_BUILD__=130 -include cuda_runtime.h /apps/cmake/3.19.1/share/cmake-3.19/Modules/CMakeCUDACompilerABI.cu -m64 -mtune=generic -march=x86-64]
  ignore line: [ignoring nonexistent directory "/apps/compilers/gcc/5.2.0/lib/gcc/x86_64-redhat-linux-gnu/5.2.0/../../../../x86_64-redhat-linux-gnu/include"]
  ignore line: [#include "..." search starts here:]
  ignore line: [#include <...> search starts here:]
  ignore line: [ /apps/compilers/cuda/10.0.130/bin/../targets/x86_64-linux/include]
  ignore line: [ /apps/compilers/intel/2018/1.163/mkl/include]
  ignore line: [ /apps/compilers/intel/2018/1.163/tbb/include]
  ignore line: [ /apps/compilers/gcc/5.2.0/lib/gcc/x86_64-redhat-linux-gnu/5.2.0/../../../../include/c++/5.2.0]
  ignore line: [ /apps/compilers/gcc/5.2.0/lib/gcc/x86_64-redhat-linux-gnu/5.2.0/../../../../include/c++/5.2.0/x86_64-redhat-linux-gnu]
  ignore line: [ /apps/compilers/gcc/5.2.0/lib/gcc/x86_64-redhat-linux-gnu/5.2.0/../../../../include/c++/5.2.0/backward]
  ignore line: [ /apps/compilers/gcc/5.2.0/lib/gcc/x86_64-redhat-linux-gnu/5.2.0/include]
  ignore line: [ /usr/local/include]
  ignore line: [ /apps/compilers/gcc/5.2.0/include]
  ignore line: [ /apps/compilers/gcc/5.2.0/lib/gcc/x86_64-redhat-linux-gnu/5.2.0/include-fixed]
  ignore line: [ /usr/include]
  ignore line: [End of search list.]
  ignore line: [COMPILER_PATH=/apps/compilers/gcc/5.2.0/libexec/gcc/x86_64-redhat-linux-gnu/5.2.0/:/apps/compilers/gcc/5.2.0/libexec/gcc/x86_64-redhat-linux-gnu/5.2.0/:/apps/compilers/gcc/5.2.0/libexec/gcc/x86_64-redhat-linux-gnu/:/apps/compilers/gcc/5.2.0/lib/gcc/x86_64-redhat-linux-gnu/5.2.0/:/apps/compilers/gcc/5.2.0/lib/gcc/x86_64-redhat-linux-gnu/]
  ignore line: [LIBRARY_PATH=/apps/compilers/gcc/5.2.0/lib/gcc/x86_64-redhat-linux-gnu/5.2.0/:/apps/compilers/gcc/5.2.0/lib/gcc/x86_64-redhat-linux-gnu/5.2.0/../../../../lib64/:/lib/../lib64/:/usr/lib/../lib64/:/apps/compilers/intel/2018/1.163/compilers_and_libraries/linux/lib/intel64/:/apps/compilers/intel/2018/1.163/mkl/lib/intel64/:/apps/compilers/intel/2018/1.163/ipp/lib/intel64/:/apps/compilers/intel/2018/1.163/tbb/lib/intel64/gcc4.4/:/apps/compilers/gcc/5.2.0/lib/gcc/x86_64-redhat-linux-gnu/5.2.0/../../../:/lib/:/usr/lib/]
  ignore line: [COLLECT_GCC_OPTIONS='-D' '__CUDA_ARCH__=300' '-E' '-D' 'CUDA_DOUBLE_MATH_FUNCTIONS' '-D' '__CUDACC__' '-D' '__NVCC__' '-v' '-I' '/apps/compilers/cuda/10.0.130/bin/../targets/x86_64-linux/include' '-D' '__CUDACC_VER_MAJOR__=10' '-D' '__CUDACC_VER_MINOR__=0' '-D' '__CUDACC_VER_BUILD__=130' '-include' 'cuda_runtime.h' '-m64' '-mtune=generic' '-march=x86-64']
  ignore line: [Using built-in specs.]
  ignore line: [COLLECT_GCC=gcc]
  ignore line: [Target: x86_64-redhat-linux-gnu]
  ignore line: [Configured with: ../configure --prefix=/apps/compilers/gcc/5.2.0 --disable-multilib --enable-languages=c c++ fortran --enable-libstdcxx-threads --enable-shared --host x86_64-redhat-linux-gnu --build x86_64-redhat-linux-gnu]
  ignore line: [Thread model: posix]
  ignore line: [gcc version 5.2.0 (GCC) ]
  ignore line: [COLLECT_GCC_OPTIONS='-E' '-D' '__CUDACC__' '-D' '__NVCC__' '-v' '-I' '/apps/compilers/cuda/10.0.130/bin/../targets/x86_64-linux/include' '-D' '__CUDACC_VER_MAJOR__=10' '-D' '__CUDACC_VER_MINOR__=0' '-D' '__CUDACC_VER_BUILD__=130' '-include' 'cuda_runtime.h' '-m64' '-mtune=generic' '-march=x86-64']
  ignore line: [ /apps/compilers/gcc/5.2.0/libexec/gcc/x86_64-redhat-linux-gnu/5.2.0/cc1plus -E -quiet -v -I /apps/compilers/cuda/10.0.130/bin/../targets/x86_64-linux/include -D_GNU_SOURCE -D __CUDACC__ -D __NVCC__ -D __CUDACC_VER_MAJOR__=10 -D __CUDACC_VER_MINOR__=0 -D __CUDACC_VER_BUILD__=130 -include cuda_runtime.h /apps/cmake/3.19.1/share/cmake-3.19/Modules/CMakeCUDACompilerABI.cu -m64 -mtune=generic -march=x86-64]
  ignore line: [ignoring nonexistent directory "/apps/compilers/gcc/5.2.0/lib/gcc/x86_64-redhat-linux-gnu/5.2.0/../../../../x86_64-redhat-linux-gnu/include"]
  ignore line: [#include "..." search starts here:]
  ignore line: [#include <...> search starts here:]
  ignore line: [ /apps/compilers/cuda/10.0.130/bin/../targets/x86_64-linux/include]
  ignore line: [ /apps/compilers/intel/2018/1.163/mkl/include]
  ignore line: [ /apps/compilers/intel/2018/1.163/tbb/include]
  ignore line: [ /apps/compilers/gcc/5.2.0/lib/gcc/x86_64-redhat-linux-gnu/5.2.0/../../../../include/c++/5.2.0]
  ignore line: [ /apps/compilers/gcc/5.2.0/lib/gcc/x86_64-redhat-linux-gnu/5.2.0/../../../../include/c++/5.2.0/x86_64-redhat-linux-gnu]
  ignore line: [ /apps/compilers/gcc/5.2.0/lib/gcc/x86_64-redhat-linux-gnu/5.2.0/../../../../include/c++/5.2.0/backward]
  ignore line: [ /apps/compilers/gcc/5.2.0/lib/gcc/x86_64-redhat-linux-gnu/5.2.0/include]
  ignore line: [ /usr/local/include]
  ignore line: [ /apps/compilers/gcc/5.2.0/include]
  ignore line: [ /apps/compilers/gcc/5.2.0/lib/gcc/x86_64-redhat-linux-gnu/5.2.0/include-fixed]
  ignore line: [ /usr/include]
  ignore line: [End of search list.]
  ignore line: [COMPILER_PATH=/apps/compilers/gcc/5.2.0/libexec/gcc/x86_64-redhat-linux-gnu/5.2.0/:/apps/compilers/gcc/5.2.0/libexec/gcc/x86_64-redhat-linux-gnu/5.2.0/:/apps/compilers/gcc/5.2.0/libexec/gcc/x86_64-redhat-linux-gnu/:/apps/compilers/gcc/5.2.0/lib/gcc/x86_64-redhat-linux-gnu/5.2.0/:/apps/compilers/gcc/5.2.0/lib/gcc/x86_64-redhat-linux-gnu/]
  ignore line: [LIBRARY_PATH=/apps/compilers/gcc/5.2.0/lib/gcc/x86_64-redhat-linux-gnu/5.2.0/:/apps/compilers/gcc/5.2.0/lib/gcc/x86_64-redhat-linux-gnu/5.2.0/../../../../lib64/:/lib/../lib64/:/usr/lib/../lib64/:/apps/compilers/intel/2018/1.163/compilers_and_libraries/linux/lib/intel64/:/apps/compilers/intel/2018/1.163/mkl/lib/intel64/:/apps/compilers/intel/2018/1.163/ipp/lib/intel64/:/apps/compilers/intel/2018/1.163/tbb/lib/intel64/gcc4.4/:/apps/compilers/gcc/5.2.0/lib/gcc/x86_64-redhat-linux-gnu/5.2.0/../../../:/lib/:/usr/lib/]
  ignore line: [COLLECT_GCC_OPTIONS='-E' '-D' '__CUDACC__' '-D' '__NVCC__' '-v' '-I' '/apps/compilers/cuda/10.0.130/bin/../targets/x86_64-linux/include' '-D' '__CUDACC_VER_MAJOR__=10' '-D' '__CUDACC_VER_MINOR__=0' '-D' '__CUDACC_VER_BUILD__=130' '-include' 'cuda_runtime.h' '-m64' '-mtune=generic' '-march=x86-64']
  ignore line: [Using built-in specs.]
  ignore line: [COLLECT_GCC=gcc]
  ignore line: [Target: x86_64-redhat-linux-gnu]
  ignore line: [Configured with: ../configure --prefix=/apps/compilers/gcc/5.2.0 --disable-multilib --enable-languages=c c++ fortran --enable-libstdcxx-threads --enable-shared --host x86_64-redhat-linux-gnu --build x86_64-redhat-linux-gnu]
  ignore line: [Thread model: posix]
  ignore line: [gcc version 5.2.0 (GCC) ]
  ignore line: [COLLECT_GCC_OPTIONS='-D' '__CUDA_ARCH__=300' '-c' '-D' 'CUDA_DOUBLE_MATH_FUNCTIONS' '-v' '-I' '/apps/compilers/cuda/10.0.130/bin/../targets/x86_64-linux/include' '-m64' '-o' 'CMakeFiles/cmTC_a002e.dir/CMakeCUDACompilerABI.cu.o' '-mtune=generic' '-march=x86-64']
  ignore line: [ /apps/compilers/gcc/5.2.0/libexec/gcc/x86_64-redhat-linux-gnu/5.2.0/cc1plus -quiet -v -I /apps/compilers/cuda/10.0.130/bin/../targets/x86_64-linux/include -D_GNU_SOURCE -D __CUDA_ARCH__=300 -D CUDA_DOUBLE_MATH_FUNCTIONS /tmp/tmpxft_000032a0_00000000-5_CMakeCUDACompilerABI.cudafe1.cpp -quiet -dumpbase tmpxft_000032a0_00000000-5_CMakeCUDACompilerABI.cudafe1.cpp -m64 -mtune=generic -march=x86-64 -auxbase-strip CMakeFiles/cmTC_a002e.dir/CMakeCUDACompilerABI.cu.o -version -o /tmp/ccuwp9le.s]
  ignore line: [GNU C++ (GCC) version 5.2.0 (x86_64-redhat-linux-gnu)]
  ignore line: [	compiled by GNU C version 5.2.0  GMP version 6.0.0  MPFR version 3.1.4  MPC version 1.0.3]
  ignore line: [GGC heuristics: --param ggc-min-expand=100 --param ggc-min-heapsize=131072]
  ignore line: [ignoring nonexistent directory "/apps/compilers/gcc/5.2.0/lib/gcc/x86_64-redhat-linux-gnu/5.2.0/../../../../x86_64-redhat-linux-gnu/include"]
  ignore line: [#include "..." search starts here:]
  ignore line: [#include <...> search starts here:]
  ignore line: [ /apps/compilers/cuda/10.0.130/bin/../targets/x86_64-linux/include]
  ignore line: [ /apps/compilers/intel/2018/1.163/mkl/include]
  ignore line: [ /apps/compilers/intel/2018/1.163/tbb/include]
  ignore line: [ /apps/compilers/gcc/5.2.0/lib/gcc/x86_64-redhat-linux-gnu/5.2.0/../../../../include/c++/5.2.0]
  ignore line: [ /apps/compilers/gcc/5.2.0/lib/gcc/x86_64-redhat-linux-gnu/5.2.0/../../../../include/c++/5.2.0/x86_64-redhat-linux-gnu]
  ignore line: [ /apps/compilers/gcc/5.2.0/lib/gcc/x86_64-redhat-linux-gnu/5.2.0/../../../../include/c++/5.2.0/backward]
  ignore line: [ /apps/compilers/gcc/5.2.0/lib/gcc/x86_64-redhat-linux-gnu/5.2.0/include]
  ignore line: [ /usr/local/include]
  ignore line: [ /apps/compilers/gcc/5.2.0/include]
  ignore line: [ /apps/compilers/gcc/5.2.0/lib/gcc/x86_64-redhat-linux-gnu/5.2.0/include-fixed]
  ignore line: [ /usr/include]
  ignore line: [End of search list.]
  ignore line: [GNU C++ (GCC) version 5.2.0 (x86_64-redhat-linux-gnu)]
  ignore line: [	compiled by GNU C version 5.2.0  GMP version 6.0.0  MPFR version 3.1.4  MPC version 1.0.3]
  ignore line: [GGC heuristics: --param ggc-min-expand=100 --param ggc-min-heapsize=131072]
  ignore line: [Compiler executable checksum: f16dc7fe730fe666612eb58f7f784bea]
  ignore line: [COLLECT_GCC_OPTIONS='-D' '__CUDA_ARCH__=300' '-c' '-D' 'CUDA_DOUBLE_MATH_FUNCTIONS' '-v' '-I' '/apps/compilers/cuda/10.0.130/bin/../targets/x86_64-linux/include' '-m64' '-o' 'CMakeFiles/cmTC_a002e.dir/CMakeCUDACompilerABI.cu.o' '-mtune=generic' '-march=x86-64']
  ignore line: [ as -v -I /apps/compilers/cuda/10.0.130/bin/../targets/x86_64-linux/include --64 -o CMakeFiles/cmTC_a002e.dir/CMakeCUDACompilerABI.cu.o /tmp/ccuwp9le.s]
  ignore line: [GNU assembler version 2.27 (x86_64-redhat-linux) using BFD version version 2.27-41.base.el7_7.3]
  ignore line: [COMPILER_PATH=/apps/compilers/gcc/5.2.0/libexec/gcc/x86_64-redhat-linux-gnu/5.2.0/:/apps/compilers/gcc/5.2.0/libexec/gcc/x86_64-redhat-linux-gnu/5.2.0/:/apps/compilers/gcc/5.2.0/libexec/gcc/x86_64-redhat-linux-gnu/:/apps/compilers/gcc/5.2.0/lib/gcc/x86_64-redhat-linux-gnu/5.2.0/:/apps/compilers/gcc/5.2.0/lib/gcc/x86_64-redhat-linux-gnu/]
  ignore line: [LIBRARY_PATH=/apps/compilers/gcc/5.2.0/lib/gcc/x86_64-redhat-linux-gnu/5.2.0/:/apps/compilers/gcc/5.2.0/lib/gcc/x86_64-redhat-linux-gnu/5.2.0/../../../../lib64/:/lib/../lib64/:/usr/lib/../lib64/:/apps/compilers/intel/2018/1.163/compilers_and_libraries/linux/lib/intel64/:/apps/compilers/intel/2018/1.163/mkl/lib/intel64/:/apps/compilers/intel/2018/1.163/ipp/lib/intel64/:/apps/compilers/intel/2018/1.163/tbb/lib/intel64/gcc4.4/:/apps/compilers/gcc/5.2.0/lib/gcc/x86_64-redhat-linux-gnu/5.2.0/../../../:/lib/:/usr/lib/]
  ignore line: [COLLECT_GCC_OPTIONS='-D' '__CUDA_ARCH__=300' '-c' '-D' 'CUDA_DOUBLE_MATH_FUNCTIONS' '-v' '-I' '/apps/compilers/cuda/10.0.130/bin/../targets/x86_64-linux/include' '-m64' '-o' 'CMakeFiles/cmTC_a002e.dir/CMakeCUDACompilerABI.cu.o' '-mtune=generic' '-march=x86-64']
  ignore line: [Linking CUDA executable cmTC_a002e]
  ignore line: [/apps/cmake/3.19.1/bin/cmake -E cmake_link_script CMakeFiles/cmTC_a002e.dir/link.txt --verbose=1]
  ignore line: [/apps/compilers/gcc/5.2.0/bin/g++  -v CMakeFiles/cmTC_a002e.dir/CMakeCUDACompilerABI.cu.o -o cmTC_a002e  -lcudadevrt -lcudart_static -lrt -lpthread -ldl  -L"/apps/compilers/cuda/10.0.130/targets/x86_64-linux/lib/stubs" -L"/apps/compilers/cuda/10.0.130/targets/x86_64-linux/lib"]
  ignore line: [Using built-in specs.]
  ignore line: [COLLECT_GCC=/apps/compilers/gcc/5.2.0/bin/g++]
  ignore line: [COLLECT_LTO_WRAPPER=/apps/compilers/gcc/5.2.0/libexec/gcc/x86_64-redhat-linux-gnu/5.2.0/lto-wrapper]
  ignore line: [Target: x86_64-redhat-linux-gnu]
  ignore line: [Configured with: ../configure --prefix=/apps/compilers/gcc/5.2.0 --disable-multilib --enable-languages=c c++ fortran --enable-libstdcxx-threads --enable-shared --host x86_64-redhat-linux-gnu --build x86_64-redhat-linux-gnu]
  ignore line: [Thread model: posix]
  ignore line: [gcc version 5.2.0 (GCC) ]
  ignore line: [COMPILER_PATH=/apps/compilers/gcc/5.2.0/libexec/gcc/x86_64-redhat-linux-gnu/5.2.0/:/apps/compilers/gcc/5.2.0/libexec/gcc/x86_64-redhat-linux-gnu/5.2.0/:/apps/compilers/gcc/5.2.0/libexec/gcc/x86_64-redhat-linux-gnu/:/apps/compilers/gcc/5.2.0/lib/gcc/x86_64-redhat-linux-gnu/5.2.0/:/apps/compilers/gcc/5.2.0/lib/gcc/x86_64-redhat-linux-gnu/]
  ignore line: [LIBRARY_PATH=/apps/compilers/gcc/5.2.0/lib/gcc/x86_64-redhat-linux-gnu/5.2.0/:/apps/compilers/gcc/5.2.0/lib/gcc/x86_64-redhat-linux-gnu/5.2.0/../../../../lib64/:/lib/../lib64/:/usr/lib/../lib64/:/apps/compilers/intel/2018/1.163/compilers_and_libraries/linux/lib/intel64/:/apps/compilers/intel/2018/1.163/mkl/lib/intel64/:/apps/compilers/intel/2018/1.163/ipp/lib/intel64/:/apps/compilers/intel/2018/1.163/tbb/lib/intel64/gcc4.4/:/apps/compilers/gcc/5.2.0/lib/gcc/x86_64-redhat-linux-gnu/5.2.0/../../../:/lib/:/usr/lib/]
  ignore line: [COLLECT_GCC_OPTIONS='-v' '-o' 'cmTC_a002e' '-L/apps/compilers/cuda/10.0.130/targets/x86_64-linux/lib/stubs' '-L/apps/compilers/cuda/10.0.130/targets/x86_64-linux/lib' '-shared-libgcc' '-mtune=generic' '-march=x86-64']
  link line: [ /apps/compilers/gcc/5.2.0/libexec/gcc/x86_64-redhat-linux-gnu/5.2.0/collect2 --eh-frame-hdr -m elf_x86_64 -dynamic-linker /lib64/ld-linux-x86-64.so.2 -o cmTC_a002e /lib/../lib64/crt1.o /lib/../lib64/crti.o /apps/compilers/gcc/5.2.0/lib/gcc/x86_64-redhat-linux-gnu/5.2.0/crtbegin.o -L/apps/compilers/cuda/10.0.130/targets/x86_64-linux/lib/stubs -L/apps/compilers/cuda/10.0.130/targets/x86_64-linux/lib -L/apps/compilers/gcc/5.2.0/lib/gcc/x86_64-redhat-linux-gnu/5.2.0 -L/apps/compilers/gcc/5.2.0/lib/gcc/x86_64-redhat-linux-gnu/5.2.0/../../../../lib64 -L/lib/../lib64 -L/usr/lib/../lib64 -L/apps/compilers/intel/2018/1.163/compilers_and_libraries/linux/lib/intel64 -L/apps/compilers/intel/2018/1.163/mkl/lib/intel64 -L/apps/compilers/intel/2018/1.163/ipp/lib/intel64 -L/apps/compilers/intel/2018/1.163/tbb/lib/intel64/gcc4.4 -L/apps/compilers/gcc/5.2.0/lib/gcc/x86_64-redhat-linux-gnu/5.2.0/../../.. CMakeFiles/cmTC_a002e.dir/CMakeCUDACompilerABI.cu.o -lcudadevrt -lcudart_static -lrt -lpthread -ldl -lstdc++ -lm -lgcc_s -lgcc -lc -lgcc_s -lgcc /apps/compilers/gcc/5.2.0/lib/gcc/x86_64-redhat-linux-gnu/5.2.0/crtend.o /lib/../lib64/crtn.o]
    arg [/apps/compilers/gcc/5.2.0/libexec/gcc/x86_64-redhat-linux-gnu/5.2.0/collect2] ==> ignore
    arg [--eh-frame-hdr] ==> ignore
    arg [-m] ==> ignore
    arg [elf_x86_64] ==> ignore
    arg [-dynamic-linker] ==> ignore
    arg [/lib64/ld-linux-x86-64.so.2] ==> ignore
    arg [-o] ==> ignore
    arg [cmTC_a002e] ==> ignore
    arg [/lib/../lib64/crt1.o] ==> ignore
    arg [/lib/../lib64/crti.o] ==> ignore
    arg [/apps/compilers/gcc/5.2.0/lib/gcc/x86_64-redhat-linux-gnu/5.2.0/crtbegin.o] ==> ignore
    arg [-L/apps/compilers/cuda/10.0.130/targets/x86_64-linux/lib/stubs] ==> dir [/apps/compilers/cuda/10.0.130/targets/x86_64-linux/lib/stubs]
    arg [-L/apps/compilers/cuda/10.0.130/targets/x86_64-linux/lib] ==> dir [/apps/compilers/cuda/10.0.130/targets/x86_64-linux/lib]
    arg [-L/apps/compilers/gcc/5.2.0/lib/gcc/x86_64-redhat-linux-gnu/5.2.0] ==> dir [/apps/compilers/gcc/5.2.0/lib/gcc/x86_64-redhat-linux-gnu/5.2.0]
    arg [-L/apps/compilers/gcc/5.2.0/lib/gcc/x86_64-redhat-linux-gnu/5.2.0/../../../../lib64] ==> dir [/apps/compilers/gcc/5.2.0/lib/gcc/x86_64-redhat-linux-gnu/5.2.0/../../../../lib64]
    arg [-L/lib/../lib64] ==> dir [/lib/../lib64]
    arg [-L/usr/lib/../lib64] ==> dir [/usr/lib/../lib64]
    arg [-L/apps/compilers/intel/2018/1.163/compilers_and_libraries/linux/lib/intel64] ==> dir [/apps/compilers/intel/2018/1.163/compilers_and_libraries/linux/lib/intel64]
    arg [-L/apps/compilers/intel/2018/1.163/mkl/lib/intel64] ==> dir [/apps/compilers/intel/2018/1.163/mkl/lib/intel64]
    arg [-L/apps/compilers/intel/2018/1.163/ipp/lib/intel64] ==> dir [/apps/compilers/intel/2018/1.163/ipp/lib/intel64]
    arg [-L/apps/compilers/intel/2018/1.163/tbb/lib/intel64/gcc4.4] ==> dir [/apps/compilers/intel/2018/1.163/tbb/lib/intel64/gcc4.4]
    arg [-L/apps/compilers/gcc/5.2.0/lib/gcc/x86_64-redhat-linux-gnu/5.2.0/../../..] ==> dir [/apps/compilers/gcc/5.2.0/lib/gcc/x86_64-redhat-linux-gnu/5.2.0/../../..]
    arg [CMakeFiles/cmTC_a002e.dir/CMakeCUDACompilerABI.cu.o] ==> ignore
    arg [-lcudadevrt] ==> lib [cudadevrt]
    arg [-lcudart_static] ==> lib [cudart_static]
    arg [-lrt] ==> lib [rt]
    arg [-lpthread] ==> lib [pthread]
    arg [-ldl] ==> lib [dl]
    arg [-lstdc++] ==> lib [stdc++]
    arg [-lm] ==> lib [m]
    arg [-lgcc_s] ==> lib [gcc_s]
    arg [-lgcc] ==> lib [gcc]
    arg [-lc] ==> lib [c]
    arg [-lgcc_s] ==> lib [gcc_s]
    arg [-lgcc] ==> lib [gcc]
    arg [/apps/compilers/gcc/5.2.0/lib/gcc/x86_64-redhat-linux-gnu/5.2.0/crtend.o] ==> ignore
    arg [/lib/../lib64/crtn.o] ==> ignore
  collapse library dir [/apps/compilers/cuda/10.0.130/targets/x86_64-linux/lib/stubs] ==> [/apps/compilers/cuda/10.0.130/targets/x86_64-linux/lib/stubs]
  collapse library dir [/apps/compilers/cuda/10.0.130/targets/x86_64-linux/lib] ==> [/apps/compilers/cuda/10.0.130/targets/x86_64-linux/lib]
  collapse library dir [/apps/compilers/gcc/5.2.0/lib/gcc/x86_64-redhat-linux-gnu/5.2.0] ==> [/apps/compilers/gcc/5.2.0/lib/gcc/x86_64-redhat-linux-gnu/5.2.0]
  collapse library dir [/apps/compilers/gcc/5.2.0/lib/gcc/x86_64-redhat-linux-gnu/5.2.0/../../../../lib64] ==> [/apps/compilers/gcc/5.2.0/lib64]
  collapse library dir [/lib/../lib64] ==> [/lib64]
  collapse library dir [/usr/lib/../lib64] ==> [/usr/lib64]
  collapse library dir [/apps/compilers/intel/2018/1.163/compilers_and_libraries/linux/lib/intel64] ==> [/apps/compilers/intel/2018/1.163/compilers_and_libraries/linux/lib/intel64]
  collapse library dir [/apps/compilers/intel/2018/1.163/mkl/lib/intel64] ==> [/apps/compilers/intel/2018/1.163/mkl/lib/intel64]
  collapse library dir [/apps/compilers/intel/2018/1.163/ipp/lib/intel64] ==> [/apps/compilers/intel/2018/1.163/ipp/lib/intel64]
  collapse library dir [/apps/compilers/intel/2018/1.163/tbb/lib/intel64/gcc4.4] ==> [/apps/compilers/intel/2018/1.163/tbb/lib/intel64/gcc4.4]
  collapse library dir [/apps/compilers/gcc/5.2.0/lib/gcc/x86_64-redhat-linux-gnu/5.2.0/../../..] ==> [/apps/compilers/gcc/5.2.0/lib]
  implicit libs: [cudadevrt;cudart_static;rt;pthread;dl;stdc++;m;gcc_s;gcc;c;gcc_s;gcc]
  implicit dirs: [/apps/compilers/cuda/10.0.130/targets/x86_64-linux/lib/stubs;/apps/compilers/cuda/10.0.130/targets/x86_64-linux/lib;/apps/compilers/gcc/5.2.0/lib/gcc/x86_64-redhat-linux-gnu/5.2.0;/apps/compilers/gcc/5.2.0/lib64;/lib64;/usr/lib64;/apps/compilers/intel/2018/1.163/compilers_and_libraries/linux/lib/intel64;/apps/compilers/intel/2018/1.163/mkl/lib/intel64;/apps/compilers/intel/2018/1.163/ipp/lib/intel64;/apps/compilers/intel/2018/1.163/tbb/lib/intel64/gcc4.4;/apps/compilers/gcc/5.2.0/lib]
  implicit fwks: []


